[0] H7 S9 H2 S4 H1 
テイク得点 :   0
[0] CK S8 S7 HT H9 
テイク得点 :   0
[0] S1 HJ ST H5 DQ  >S1
[1] C5 HJ ST H5 DQ  >C5
[2] D9 HJ ST H5 DQ  >D9
[3] S5 HJ ST H5 DQ  >S5
[4] CT HJ ST H5 DQ  >CT
[5] DJ HJ ST H5 DQ  >DJ
[6] D5 HJ ST H5 DQ  >D5
[7] C4 HJ ST H5 DQ 
テイク得点 :   0
[0] D8 C3 DT H3 D3 
テイク得点 :   8
[0] H6 C1 C7 SQ HK  >H6
[1] S2 C1 C7 SQ HK  >S2
[2] D7 C1 C7 SQ HK  >D7
[3] H4 C1 C7 SQ HK  >H4
[4] D4 C1 C7 SQ HK  >D4
[5] D2 C1 C7 SQ HK  >D2
[6] C2 C1 C7 SQ HK  >C2
[7] D6 C1 C7 SQ HK 
テイク得点 :   0
トライ得点 : 4204171
[0] S8 H2 ST HT D7 
テイク得点 :   1
[0] C8 S2 D6 H8 S4 
テイク得点 :   1
[0] DQ S6 H7 D5 CJ  >DQ
[1] C3 S6 H7 D5 CJ  >C3
[2] CQ S6 H7 D5 CJ  >CQ
[3] HJ S6 H7 D5 CJ  >HJ
[4] CK S6 H7 D5 CJ  >CK
[5] D1 S6 H7 D5 CJ  >D1
[6] C5 S6 H7 D5 CJ  >C5
[7] C7 S6 H7 D5 CJ 
テイク得点 :   1
[0] D8 DK H9 H5 DJ  >D8
[1] C1 DK H9 H5 DJ  >C1
[2] S1 DK H9 H5 DJ  >S1
[3] D9 DK H9 H5 DJ  >D9
[4] S3 DK H9 H5 DJ  >S3
[5] SQ DK H9 H5 DJ  >SQ
[6] D3 DK H9 H5 DJ  >D3
[7] C9 DK H9 H5 DJ 
テイク得点 :   1
[0] C6 S7 SK H3 SJ  >C6
[1] H4 S7 SK H3 SJ  >H4
[2] D4 S7 SK H3 SJ  >D4
[3] D2 S7 SK H3 SJ  >D2
[4] S5 S7 SK H3 SJ  >S5
[5] HK S7 SK H3 SJ  >HK
[6] S9 S7 SK H3 SJ  >S9
[7] C2 S7 SK H3 SJ 
テイク得点 :   0
トライ得点 : 4204171
[0] CK C7 HT CQ H1 
テイク得点 :   0
[0] C8 DK SQ SK C6 
テイク得点 :   1
[0] S1 SJ C2 D8 C9  >S1
[1] H7 SJ C2 D8 C9  >H7
[2] D2 SJ C2 D8 C9  >D2
[3] HJ SJ C2 D8 C9  >HJ
[4] S3 SJ C2 D8 C9  >S3
[5] S8 SJ C2 D8 C9  >S8
[6] ST SJ C2 D8 C9  >ST
[7] S9 SJ C2 D8 C9 
テイク得点 :   1
[0] DJ S5 H3 C4 HQ  >DJ
[1] D6 S5 H3 C4 HQ  >D6
[2] D5 S5 H3 C4 HQ  >D5
[3] DQ S5 H3 C4 HQ  >DQ
[4] HK S5 H3 C4 HQ  >HK
[5] S6 S5 H3 C4 HQ  >S6
[6] DT S5 H3 C4 HQ  >DT
[7] D9 S5 H3 C4 HQ 
テイク得点 :   0
[0] S2 H8 C3 CT H2  >S2
[1] C1 H8 C3 CT H2  >C1
[2] H5 H8 C3 CT H2  >H5
[3] C5 H8 C3 CT H2  >C5
[4] H6 H8 C3 CT H2  >H6
[5] D1 H8 C3 CT H2  >D1
[6] S7 H8 C3 CT H2  >S7
[7] CJ H8 C3 CT H2 
テイク得点 :   0
トライ得点 : 4204171
[0] C6 HT HK H8 D4 
テイク得点 :   0
[0] DQ C3 H4 S4 D2 
テイク得点 :   1
[0] DJ H1 D5 SK SQ  >DJ
[1] H5 H1 D5 SK SQ  >H5
[2] S6 H1 D5 SK SQ  >S6
[3] H9 H1 D5 SK SQ  >H9
[4] D8 H1 D5 SK SQ  >D8
[5] S2 H1 D5 SK SQ  >S2
[6] C1 H1 D5 SK SQ  >C1
[7] CJ H1 D5 SK SQ 
テイク得点 :   0
[0] C8 C9 D3 CT C4  >C8
[1] DK C9 D3 CT C4  >DK
[2] S3 C9 D3 CT C4  >S3
[3] S8 C9 D3 CT C4  >S8
[4] H3 C9 D3 CT C4  >H3
[5] C7 C9 D3 CT C4  >C7
[6] D1 C9 D3 CT C4  >D1
[7] S1 C9 D3 CT C4 
テイク得点 :   0
[0] C2 CK S5 DT D6  >C2
[1] D9 CK S5 DT D6  >D9
[2] S7 CK S5 DT D6  >S7
[3] D7 CK S5 DT D6  >D7
[4] ST CK S5 DT D6  >ST
[5] H7 CK S5 DT D6  >H7
[6] HQ CK S5 DT D6  >HQ
[7] C5 CK S5 DT D6 
テイク得点 :   1
トライ得点 : 4204171
[0] S7 C3 S3 C5 D3 
テイク得点 :   8
[0] H2 D7 H9 HQ H5 
テイク得点 :   0
[0] SJ S5 S8 H4 D1  >SJ
[1] HK S5 S8 H4 D1  >HK
[2] DT S5 S8 H4 D1  >DT
[3] SQ S5 S8 H4 D1  >SQ
[4] S4 S5 S8 H4 D1  >S4
[5] C9 S5 S8 H4 D1  >C9
[6] H3 S5 S8 H4 D1  >H3
[7] CT S5 S8 H4 D1 
テイク得点 :   0
[0] DQ D2 C4 C8 D8  >DQ
[1] ST D2 C4 C8 D8  >ST
[2] D4 D2 C4 C8 D8  >D4
[3] SK D2 C4 C8 D8  >SK
[4] C2 D2 C4 C8 D8  >C2
[5] C1 D2 C4 C8 D8  >C1
[6] H7 D2 C4 C8 D8  >H7
[7] D6 D2 C4 C8 D8 
テイク得点 :   1
[0] HT CJ S2 CQ HJ  >HT
[1] DJ CJ S2 CQ HJ 
テイク得点 :   8
トライ得点 : 4204171
[0] D2 H9 SQ D6 C1 
テイク得点 :   0
[0] S5 DK C8 H7 CJ 
テイク得点 :   0
[0] H4 S7 DQ S2 D8  >H4
[1] C4 S7 DQ S2 D8  >C4
[2] H1 S7 DQ S2 D8  >H1
[3] S4 S7 DQ S2 D8  >S4
[4] D7 S7 DQ S2 D8  >D7
[5] H5 S7 DQ S2 D8  >H5
[6] S3 S7 DQ S2 D8  >S3
[7] D1 S7 DQ S2 D8 
テイク得点 :   0
[0] HT D5 H3 DJ C2  >HT
[1] C9 D5 H3 DJ C2  >C9
[2] S9 D5 H3 DJ C2  >S9
[3] HQ D5 H3 DJ C2  >HQ
[4] HK D5 H3 DJ C2  >HK
[5] ST D5 H3 DJ C2  >ST
[6] CT D5 H3 DJ C2  >CT
[7] D9 D5 H3 DJ C2 
テイク得点 :   0
[0] DT S1 SK H2 HJ  >DT
[1] H8 S1 SK H2 HJ  >H8
[2] S8 S1 SK H2 HJ  >S8
[3] S6 S1 SK H2 HJ  >S6
[4] C6 S1 SK H2 HJ  >C6
[5] C3 S1 SK H2 HJ  >C3
[6] CK S1 SK H2 HJ  >CK
[7] D3 S1 SK H2 HJ 
テイク得点 :   0
トライ得点 : 4204171
[0] D7 DQ H6 D9 C4 
テイク得点 :   0
[0] HQ HT SJ CK HJ 
テイク得点 :   1
[0] H5 S2 HK H4 SQ  >H5
[1] CQ S2 HK H4 SQ  >CQ
[2] C7 S2 HK H4 SQ  >C7
[3] S8 S2 HK H4 SQ  >S8
[4] C9 S2 HK H4 SQ  >C9
[5] C2 S2 HK H4 SQ  >C2
[6] C8 S2 HK H4 SQ  >C8
[7] C5 S2 HK H4 SQ 
テイク得点 :   0
[0] DJ S5 D5 D8 C6  >DJ
[1] CJ S5 D5 D8 C6  >CJ
[2] H8 S5 D5 D8 C6  >H8
[3] D2 S5 D5 D8 C6  >D2
[4] S6 S5 D5 D8 C6  >S6
[5] C1 S5 D5 D8 C6  >C1
[6] SK S5 D5 D8 C6  >SK
[7] S4 S5 D5 D8 C6 
テイク得点 :   1
[0] H2 D6 D4 H1 DT  >H2
[1] DK D6 D4 H1 DT  >DK
[2] S3 D6 D4 H1 DT  >S3
[3] ST D6 D4 H1 DT  >ST
[4] D3 D6 D4 H1 DT  >D3
[5] S7 D6 D4 H1 DT  >S7
[6] H3 D6 D4 H1 DT  >H3
[7] CT D6 D4 H1 DT 
テイク得点 :   1
トライ得点 : 4204171
[0] CT H9 SQ DK D7 
テイク得点 :   0
[0] D3 CJ C9 D4 S3 
テイク得点 :   1
[0] D6 SK H3 S5 S1  >D6
[1] H7 SK H3 S5 S1  >H7
[2] C4 SK H3 S5 S1  >C4
[3] H8 SK H3 S5 S1  >H8
[4] S8 SK H3 S5 S1  >S8
[5] D1 SK H3 S5 S1  >D1
[6] HT SK H3 S5 S1  >HT
[7] S9 SK H3 S5 S1 
テイク得点 :   0
[0] S6 SJ S7 C8 S4  >S6
[1] H4 SJ S7 C8 S4  >H4
[2] H1 SJ S7 C8 S4  >H1
[3] ST SJ S7 C8 S4  >ST
[4] D8 SJ S7 C8 S4  >D8
[5] C7 SJ S7 C8 S4  >C7
[6] H2 SJ S7 C8 S4  >H2
[7] H6 SJ S7 C8 S4 
テイク得点 :   0
[0] C5 HJ C2 D2 S2 
テイク得点 :   8
トライ得点 : 4204171
[0] S6 D7 C9 DQ D6 
テイク得点 :   1
[0] S7 S8 HK D9 C2 
テイク得点 :   0
[0] H6 HQ S2 ST HT  >H6
[1] CQ HQ S2 ST HT  >CQ
[2] H1 HQ S2 ST HT  >H1
[3] D2 HQ S2 ST HT  >D2
[4] D5 HQ S2 ST HT  >D5
[5] C4 HQ S2 ST HT  >C4
[6] DJ HQ S2 ST HT  >DJ
[7] H3 HQ S2 ST HT 
テイク得点 :   1
[0] C5 CT S4 D4 S5  >C5
[1] S1 CT S4 D4 S5  >S1
[2] CJ CT S4 D4 S5  >CJ
[3] H9 CT S4 D4 S5  >H9
[4] S9 CT S4 D4 S5  >S9
[5] DT CT S4 D4 S5  >DT
[6] H4 CT S4 D4 S5 
テイク得点 :   8
[0] C1 H8 HJ S3 C3  >C1
[1] H5 H8 HJ S3 C3  >H5
[2] H2 H8 HJ S3 C3  >H2
[3] D3 H8 HJ S3 C3 
テイク得点 :   8
トライ得点 : 4204171
[0] H5 S6 S3 S1 C8 
テイク得点 :   0
[0] DQ CK D6 D7 C1 
テイク得点 :   0
[0] D4 C3 S5 H2 S8  >D4
[1] C6 C3 S5 H2 S8  >C6
[2] D8 C3 S5 H2 S8  >D8
[3] D5 C3 S5 H2 S8  >D5
[4] HJ C3 S5 H2 S8  >HJ
[5] H3 C3 S5 H2 S8  >H3
[6] CJ C3 S5 H2 S8  >CJ
[7] CQ C3 S5 H2 S8 
テイク得点 :   0
[0] DT C5 H8 DK HT  >DT
[1] S4 C5 H8 DK HT  >S4
[2] H4 C5 H8 DK HT  >H4
[3] D3 C5 H8 DK HT  >D3
[4] H1 C5 H8 DK HT  >H1
[5] D2 C5 H8 DK HT  >D2
[6] SQ C5 H8 DK HT  >SQ
[7] C2 C5 H8 DK HT 
テイク得点 :   0
[0] S2 HK S9 C7 C4  >S2
[1] H7 HK S9 C7 C4  >H7
[2] ST HK S9 C7 C4  >ST
[3] CT HK S9 C7 C4  >CT
[4] DJ HK S9 C7 C4  >DJ
[5] S7 HK S9 C7 C4  >S7
[6] SK HK S9 C7 C4  >SK
[7] HQ HK S9 C7 C4 
テイク得点 :   0
トライ得点 : 4204171
[0] H7 H8 CK D4 H5 
テイク得点 :   0
[0] DJ SJ S1 C9 SQ 
テイク得点 :   1
[0] CQ H6 S7 DQ HJ  >CQ
[1] CJ H6 S7 DQ HJ  >CJ
[2] C6 H6 S7 DQ HJ  >C6
[3] D3 H6 S7 DQ HJ  >D3
[4] D5 H6 S7 DQ HJ  >D5
[5] DT H6 S7 DQ HJ  >DT
[6] H1 H6 S7 DQ HJ  >H1
[7] HT H6 S7 DQ HJ 
テイク得点 :   0
[0] D9 C4 DK H9 HK  >D9
[1] HQ C4 DK H9 HK  >HQ
[2] SK C4 DK H9 HK 
テイク得点 :   8
[0] C1 S8 C7 C8 S9  >C1
[1] ST S8 C7 C8 S9  >ST
[2] D1 S8 C7 C8 S9  >D1
[3] D2 S8 C7 C8 S9  >D2
[4] H4 S8 C7 C8 S9  >H4
[5] D7 S8 C7 C8 S9  >D7
[6] S4 S8 C7 C8 S9  >S4
[7] S6 S8 C7 C8 S9 
テイク得点 :   1
トライ得点 : 4204171
[0] DT H1 C7 S2 CJ 
テイク得点 :   0
[0] D3 HK C4 S8 DQ 
テイク得点 :   0
[0] S7 C9 D4 CQ CT  >S7
[1] DJ C9 D4 CQ CT  >DJ
[2] S6 C9 D4 CQ CT  >S6
[3] D8 C9 D4 CQ CT  >D8
[4] S4 C9 D4 CQ CT  >S4
[5] D7 C9 D4 CQ CT  >D7
[6] H2 C9 D4 CQ CT  >H2
[7] S1 C9 D4 CQ CT 
テイク得点 :   0
[0] H3 DK H7 S5 SK  >H3
[1] H5 DK H7 S5 SK  >H5
[2] H4 DK H7 S5 SK  >H4
[3] C2 DK H7 S5 SK  >C2
[4] D9 DK H7 S5 SK  >D9
[5] H6 DK H7 S5 SK  >H6
[6] C8 DK H7 S5 SK  >C8
[7] C3 DK H7 S5 SK 
テイク得点 :   1
[0] SJ HQ C1 HJ S9  >SJ
[1] SQ HQ C1 HJ S9  >SQ
[2] HT HQ C1 HJ S9  >HT
[3] C5 HQ C1 HJ S9  >C5
[4] C6 HQ C1 HJ S9  >C6
[5] ST HQ C1 HJ S9  >ST
[6] D6 HQ C1 HJ S9  >D6
[7] D1 HQ C1 HJ S9 
テイク得点 :   1
トライ得点 : 4204171
[0] S6 D4 D2 H7 S2 
テイク得点 :   1
[0] D8 HJ DJ ST HK 
テイク得点 :   1
[0] C8 CK C2 C7 CJ 
テイク得点 :  24
[0] S8 DK S7 C1 D3  >S8
[1] D6 DK S7 C1 D3  >D6
[2] H4 DK S7 C1 D3  >H4
[3] H3 DK S7 C1 D3  >H3
[4] C6 DK S7 C1 D3  >C6
[5] S5 DK S7 C1 D3  >S5
[6] D7 DK S7 C1 D3  >D7
[7] S3 DK S7 C1 D3 
テイク得点 :   1
[0] S9 H9 C3 H5 HQ  >S9
[1] C5 H9 C3 H5 HQ  >C5
[2] H2 H9 C3 H5 HQ  >H2
[3] D9 H9 C3 H5 HQ  >D9
[4] C9 H9 C3 H5 HQ  >C9
[5] HT H9 C3 H5 HQ  >HT
[6] SJ H9 C3 H5 HQ  >SJ
[7] DQ H9 C3 H5 HQ 
テイク得点 :   1
トライ得点 : 4204171
[0] C8 C2 C4 DT HT 
テイク得点 :   1
[0] C1 H5 DK CJ HQ 
テイク得点 :   0
[0] ST CQ C5 HK S2  >ST
[1] SQ CQ C5 HK S2  >SQ
[2] CT CQ C5 HK S2  >CT
[3] S6 CQ C5 HK S2  >S6
[4] H9 CQ C5 HK S2  >H9
[5] S1 CQ C5 HK S2  >S1
[6] DQ CQ C5 HK S2  >DQ
[7] S9 CQ C5 HK S2 
テイク得点 :   0
[0] SJ S3 HJ C3 H2  >SJ
[1] D4 S3 HJ C3 H2  >D4
[2] H3 S3 HJ C3 H2 
テイク得点 :   8
[0] SK S8 DJ D2 H1  >SK
[1] D7 S8 DJ D2 H1  >D7
[2] D9 S8 DJ D2 H1  >D9
[3] H4 S8 DJ D2 H1  >H4
[4] D6 S8 DJ D2 H1  >D6
[5] S5 S8 DJ D2 H1  >S5
[6] H7 S8 DJ D2 H1  >H7
[7] S4 S8 DJ D2 H1 
テイク得点 :   0
トライ得点 : 4204171
[0] SK C1 D2 C7 DK 
テイク得点 :   1
[0] D7 H6 C9 S3 ST 
テイク得点 :   0
[0] D5 H5 S7 H8 S4  >D5
[1] H7 H5 S7 H8 S4  >H7
[2] H1 H5 S7 H8 S4  >H1
[3] H4 H5 S7 H8 S4  >H4
[4] D9 H5 S7 H8 S4  >D9
[5] CK H5 S7 H8 S4  >CK
[6] C2 H5 S7 H8 S4  >C2
[7] DQ H5 S7 H8 S4 
テイク得点 :   0
[0] C6 S5 S9 DJ SQ  >C6
[1] H3 S5 S9 DJ SQ  >H3
[2] C3 S5 S9 DJ SQ  >C3
[3] HQ S5 S9 DJ SQ  >HQ
[4] C8 S5 S9 DJ SQ  >C8
[5] D3 S5 S9 DJ SQ  >D3
[6] S6 S5 S9 DJ SQ  >S6
[7] D1 S5 S9 DJ SQ 
テイク得点 :   0
[0] CT H9 D8 HK D6  >CT
[1] H2 H9 D8 HK D6  >H2
[2] DT H9 D8 HK D6  >DT
[3] S8 H9 D8 HK D6  >S8
[4] C4 H9 D8 HK D6  >C4
[5] HJ H9 D8 HK D6  >HJ
[6] C5 H9 D8 HK D6  >C5
[7] D4 H9 D8 HK D6 
テイク得点 :   0
トライ得点 : 4204171
[0] HK H3 C2 D6 H6 
テイク得点 :   1
[0] C3 C7 CT S5 S6 
テイク得点 :   0
[0] HQ CQ C9 ST D9  >HQ
[1] C6 CQ C9 ST D9  >C6
[2] D5 CQ C9 ST D9  >D5
[3] D7 CQ C9 ST D9  >D7
[4] D4 CQ C9 ST D9  >D4
[5] DT CQ C9 ST D9  >DT
[6] H9 CQ C9 ST D9 
テイク得点 :   8
[0] D3 S2 H5 H8 DQ  >D3
[1] C5 S2 H5 H8 DQ  >C5
[2] S7 S2 H5 H8 DQ  >S7
[3] C4 S2 H5 H8 DQ  >C4
[4] C1 S2 H5 H8 DQ  >C1
[5] D2 S2 H5 H8 DQ  >D2
[6] H1 S2 H5 H8 DQ  >H1
[7] D1 S2 H5 H8 DQ 
テイク得点 :   0
[0] SQ CK DJ H7 HJ  >SQ
[1] S8 CK DJ H7 HJ  >S8
[2] S1 CK DJ H7 HJ  >S1
[3] S3 CK DJ H7 HJ  >S3
[4] SJ CK DJ H7 HJ 
テイク得点 :   8
トライ得点 : 4204171
[0] C1 D6 DJ C4 C2 
テイク得点 :   0
[0] HK SK H2 H7 ST 
テイク得点 :   1
[0] H1 D3 D7 D2 D4  >H1
[1] SQ D3 D7 D2 D4  >SQ
[2] S3 D3 D7 D2 D4  >S3
[3] C9 D3 D7 D2 D4  >C9
[4] H9 D3 D7 D2 D4  >H9
[5] HJ D3 D7 D2 D4  >HJ
[6] CJ D3 D7 D2 D4  >CJ
[7] DK D3 D7 D2 D4 
テイク得点 :  24
[0] H5 S9 DT C7 D9  >H5
[1] C5 S9 DT C7 D9  >C5
[2] H4 S9 DT C7 D9  >H4
[3] D8 S9 DT C7 D9  >D8
[4] C6 S9 DT C7 D9  >C6
[5] S6 S9 DT C7 D9  >S6
[6] C8 S9 DT C7 D9  >C8
[7] D1 S9 DT C7 D9 
テイク得点 :   1
[0] CT S5 HT H8 D5  >CT
[1] C3 S5 HT H8 D5  >C3
[2] CQ S5 HT H8 D5  >CQ
[3] H3 S5 HT H8 D5  >H3
[4] S1 S5 HT H8 D5  >S1
[5] H6 S5 HT H8 D5  >H6
[6] S2 S5 HT H8 D5  >S2
[7] HQ S5 HT H8 D5 
テイク得点 :   1
トライ得点 : 4204171
[0] S6 DT S5 CT D5 
テイク得点 :   2
[0] HK C6 H1 H5 D4 
テイク得点 :   0
[0] ST C4 H8 SJ S2  >ST
[1] HT C4 H8 SJ S2  >HT
[2] S8 C4 H8 SJ S2  >S8
[3] CQ C4 H8 SJ S2  >CQ
[4] D9 C4 H8 SJ S2  >D9
[5] S1 C4 H8 SJ S2  >S1
[6] C8 C4 H8 SJ S2  >C8
[7] H6 C4 H8 SJ S2 
テイク得点 :   0
[0] S7 D1 HQ H2 C3  >S7
[1] C7 D1 HQ H2 C3  >C7
[2] DQ D1 HQ H2 C3  >DQ
[3] D2 D1 HQ H2 C3  >D2
[4] HJ D1 HQ H2 C3  >HJ
[5] D3 D1 HQ H2 C3  >D3
[6] SQ D1 HQ H2 C3  >SQ
[7] CK D1 HQ H2 C3 
テイク得点 :   0
[0] D7 C9 H9 S9 CJ 
テイク得点 :   8
トライ得点 : 4204171
[0] ST DK C6 S4 D2 
テイク得点 :   0
[0] SJ C5 CQ HJ D3 
テイク得点 :   1
[0] HQ H4 H6 SK H1  >HQ
[1] C7 H4 H6 SK H1  >C7
[2] CK H4 H6 SK H1  >CK
[3] D8 H4 H6 SK H1  >D8
[4] S2 H4 H6 SK H1  >S2
[5] DQ H4 H6 SK H1  >DQ
[6] CJ H4 H6 SK H1  >CJ
[7] D7 H4 H6 SK H1 
テイク得点 :   0
[0] C3 DT H3 H9 S1  >C3
[1] DJ DT H3 H9 S1  >DJ
[2] CT DT H3 H9 S1  >CT
[3] S3 DT H3 H9 S1  >S3
[4] D6 DT H3 H9 S1  >D6
[5] HT DT H3 H9 S1  >HT
[6] D1 DT H3 H9 S1  >D1
[7] D4 DT H3 H9 S1 
テイク得点 :   0
[0] H5 C1 C9 H2 S9  >H5
[1] S6 C1 C9 H2 S9  >S6
[2] H8 C1 C9 H2 S9  >H8
[3] C2 C1 C9 H2 S9  >C2
[4] D9 C1 C9 H2 S9 
テイク得点 :   8
トライ得点 : 4204171
[0] C5 D6 D1 HK H1 
テイク得点 :   1
[0] H3 C1 D7 DQ SK 
テイク得点 :   0
[0] S7 C2 CT SQ S2  >S7
[1] D4 C2 CT SQ S2  >D4
[2] H2 C2 CT SQ S2 
テイク得点 :   8
[0] C8 HT H7 D3 C4  >C8
[1] S4 HT H7 D3 C4  >S4
[2] CK HT H7 D3 C4  >CK
[3] DK HT H7 D3 C4  >DK
[4] D9 HT H7 D3 C4  >D9
[5] S8 HT H7 D3 C4  >S8
[6] S9 HT H7 D3 C4  >S9
[7] C7 HT H7 D3 C4 
テイク得点 :   1
[0] S5 H9 H4 HJ C6  >S5
[1] H8 H9 H4 HJ C6  >H8
[2] S6 H9 H4 HJ C6  >S6
[3] D5 H9 H4 HJ C6  >D5
[4] SJ H9 H4 HJ C6  >SJ
[5] CQ H9 H4 HJ C6  >CQ
[6] S3 H9 H4 HJ C6  >S3
[7] H5 H9 H4 HJ C6 
テイク得点 :   0
トライ得点 : 4204171
[0] H9 D1 CJ SJ ST 
テイク得点 :   1
[0] SQ H5 DT SK D5 
テイク得点 :   1
[0] D3 HT S8 S1 H8  >D3
[1] C4 HT S8 S1 H8  >C4
[2] HJ HT S8 S1 H8  >HJ
[3] D7 HT S8 S1 H8  >D7
[4] DQ HT S8 S1 H8  >DQ
[5] DJ HT S8 S1 H8  >DJ
[6] D9 HT S8 S1 H8  >D9
[7] C8 HT S8 S1 H8 
テイク得点 :   8
[0] C5 C7 D4 DK D6  >C5
[1] H3 C7 D4 DK D6  >H3
[2] D8 C7 D4 DK D6  >D8
[3] CK C7 D4 DK D6  >CK
[4] S6 C7 D4 DK D6  >S6
[5] S3 C7 D4 DK D6  >S3
[6] S7 C7 D4 DK D6  >S7
[7] S9 C7 D4 DK D6 
テイク得点 :   0
[0] H4 S5 C2 C1 H2  >H4
[1] HQ S5 C2 C1 H2  >HQ
[2] H7 S5 C2 C1 H2  >H7
[3] C3 S5 C2 C1 H2  >C3
[4] C9 S5 C2 C1 H2  >C9
[5] CT S5 C2 C1 H2  >CT
[6] HK S5 C2 C1 H2  >HK
[7] CQ S5 C2 C1 H2 
テイク得点 :   1
トライ得点 : 4204171
[0] C1 ST HJ H2 S5 
テイク得点 :   0
[0] S1 DJ SQ D6 H6 
テイク得点 :   1
[0] D5 CK D2 HQ S2  >D5
[1] D1 CK D2 HQ S2  >D1
[2] S4 CK D2 HQ S2  >S4
[3] DT CK D2 HQ S2  >DT
[4] C8 CK D2 HQ S2  >C8
[5] C3 CK D2 HQ S2  >C3
[6] D3 CK D2 HQ S2  >D3
[7] HK CK D2 HQ S2 
テイク得点 :   2
[0] D7 D8 C5 S9 S6 
テイク得点 :  32
[0] H8 C4 H7 CT SK  >H8
[1] DK C4 H7 CT SK  >DK
[2] S8 C4 H7 CT SK  >S8
[3] S7 C4 H7 CT SK  >S7
[4] D9 C4 H7 CT SK  >D9
[5] HT C4 H7 CT SK  >HT
[6] C2 C4 H7 CT SK  >C2
[7] H1 C4 H7 CT SK 
テイク得点 :   0
トライ得点 : 4204171
[0] D4 S4 HK CJ HT 
テイク得点 :   1
[0] H5 C7 DQ S7 H6 
テイク得点 :   1
[0] D9 DT S8 D7 SJ 
テイク得点 :  32
[0] C9 C3 H1 HJ SQ  >C9
[1] S5 C3 H1 HJ SQ  >S5
[2] CT C3 H1 HJ SQ  >CT
[3] HQ C3 H1 HJ SQ  >HQ
[4] H4 C3 H1 HJ SQ  >H4
[5] D5 C3 H1 HJ SQ  >D5
[6] SK C3 H1 HJ SQ  >SK
[7] S1 C3 H1 HJ SQ 
テイク得点 :   1
[0] C8 C4 C2 D6 D2  >C8
[1] D8 C4 C2 D6 D2  >D8
[2] CK C4 C2 D6 D2  >CK
[3] C6 C4 C2 D6 D2  >C6
[4] DJ C4 C2 D6 D2  >DJ
[5] H7 C4 C2 D6 D2  >H7
[6] H2 C4 C2 D6 D2 
テイク得点 :   8
トライ得点 : 4204171
[0] CJ S6 C3 D6 HQ 
テイク得点 :   1
[0] H3 SJ H5 CT H4 
テイク得点 :   0
[0] SQ S8 D5 D3 CK  >SQ
[1] D1 S8 D5 D3 CK  >D1
[2] S4 S8 D5 D3 CK  >S4
[3] D8 S8 D5 D3 CK  >D8
[4] DK S8 D5 D3 CK  >DK
[5] CQ S8 D5 D3 CK  >CQ
[6] HT S8 D5 D3 CK  >HT
[7] S9 S8 D5 D3 CK 
テイク得点 :   0
[0] D7 DT H7 C4 DJ  >D7
[1] C2 DT H7 C4 DJ  >C2
[2] C6 DT H7 C4 DJ  >C6
[3] C5 DT H7 C4 DJ  >C5
[4] SK DT H7 C4 DJ  >SK
[5] S7 DT H7 C4 DJ  >S7
[6] H2 DT H7 C4 DJ  >H2
[7] H1 DT H7 C4 DJ 
テイク得点 :   0
[0] S3 C7 ST H8 D9  >S3
[1] S2 C7 ST H8 D9  >S2
[2] C1 C7 ST H8 D9  >C1
[3] DQ C7 ST H8 D9  >DQ
[4] HJ C7 ST H8 D9 
テイク得点 :  32
トライ得点 : 4204171
[0] HQ S6 H8 C8 C7 
テイク得点 :   1
[0] DJ H6 S3 C9 C5 
テイク得点 :   0
[0] SQ ST H4 H3 SJ  >SQ
[1] S8 ST H4 H3 SJ  >S8
[2] C3 ST H4 H3 SJ  >C3
[3] S7 ST H4 H3 SJ  >S7
[4] C6 ST H4 H3 SJ  >C6
[5] D9 ST H4 H3 SJ  >D9
[6] D1 ST H4 H3 SJ  >D1
[7] CJ ST H4 H3 SJ 
テイク得点 :   1
[0] D4 S9 HT S5 HK  >D4
[1] CT S9 HT S5 HK  >CT
[2] D3 S9 HT S5 HK  >D3
[3] D8 S9 HT S5 HK  >D8
[4] HJ S9 HT S5 HK  >HJ
[5] CQ S9 HT S5 HK  >CQ
[6] D2 S9 HT S5 HK  >D2
[7] H1 S9 HT S5 HK 
テイク得点 :   0
[0] DK CK D7 S1 H5  >DK
[1] C2 CK D7 S1 H5  >C2
[2] H2 CK D7 S1 H5  >H2
[3] DQ CK D7 S1 H5  >DQ
[4] H9 CK D7 S1 H5  >H9
[5] S4 CK D7 S1 H5  >S4
[6] D5 CK D7 S1 H5  >D5
[7] S2 CK D7 S1 H5 
テイク得点 :   0
トライ得点 : 4204171
[0] DT CK SK DK H9 
テイク得点 :   8
[0] D7 HT H1 S3 CJ 
テイク得点 :   0
[0] HK H7 C2 H8 C6  >HK
[1] HQ H7 C2 H8 C6  >HQ
[2] SJ H7 C2 H8 C6  >SJ
[3] DJ H7 C2 H8 C6  >DJ
[4] C8 H7 C2 H8 C6  >C8
[5] CT H7 C2 H8 C6  >CT
[6] C5 H7 C2 H8 C6  >C5
[7] S5 H7 C2 H8 C6 
テイク得点 :   0
[0] D2 C4 D1 S1 H6  >D2
[1] D3 C4 D1 S1 H6  >D3
[2] CQ C4 D1 S1 H6  >CQ
[3] ST C4 D1 S1 H6  >ST
[4] S6 C4 D1 S1 H6  >S6
[5] SQ C4 D1 S1 H6  >SQ
[6] C3 C4 D1 S1 H6  >C3
[7] S7 C4 D1 S1 H6 
テイク得点 :   1
[0] C7 S8 H4 D5 D9  >C7
[1] H2 S8 H4 D5 D9  >H2
[2] DQ S8 H4 D5 D9  >DQ
[3] S2 S8 H4 D5 D9  >S2
[4] H5 S8 H4 D5 D9  >H5
[5] D6 S8 H4 D5 D9  >D6
[6] H3 S8 H4 D5 D9  >H3
[7] C1 S8 H4 D5 D9 
テイク得点 :   0
トライ得点 : 4204171
[0] CK DT C9 C3 DJ 
テイク得点 :   0
[0] D9 C7 D3 C4 D6 
テイク得点 :   0
[0] SQ D1 C5 C1 C6  >SQ
[1] S2 D1 C5 C1 C6  >S2
[2] S4 D1 C5 C1 C6  >S4
[3] H3 D1 C5 C1 C6  >H3
[4] S1 D1 C5 C1 C6 
テイク得点 :   8
[0] D4 H4 CT HK S9  >D4
[1] H7 H4 CT HK S9  >H7
[2] SJ H4 CT HK S9  >SJ
[3] C8 H4 CT HK S9  >C8
[4] H8 H4 CT HK S9  >H8
[5] H6 H4 CT HK S9  >H6
[6] D8 H4 CT HK S9  >D8
[7] ST H4 CT HK S9 
テイク得点 :   1
[0] S5 CQ DK S7 DQ  >S5
[1] H5 CQ DK S7 DQ  >H5
[2] D7 CQ DK S7 DQ  >D7
[3] S3 CQ DK S7 DQ  >S3
[4] SK CQ DK S7 DQ  >SK
[5] D5 CQ DK S7 DQ  >D5
[6] H9 CQ DK S7 DQ  >H9
[7] S6 CQ DK S7 DQ 
テイク得点 :   1
トライ得点 : 4204171
[0] C7 H6 D4 D6 D5 
テイク得点 :   1
[0] D9 H8 S4 C8 S1 
テイク得点 :   1
[0] S8 HQ HT CJ CT  >S8
[1] S7 HQ HT CJ CT  >S7
[2] SJ HQ HT CJ CT  >SJ
[3] C1 HQ HT CJ CT  >C1
[4] ST HQ HT CJ CT 
テイク得点 :   8
[0] DJ H7 H3 H1 S2  >DJ
[1] S5 H7 H3 H1 S2  >S5
[2] DQ H7 H3 H1 S2  >DQ
[3] DT H7 H3 H1 S2  >DT
[4] HJ H7 H3 H1 S2  >HJ
[5] C4 H7 H3 H1 S2  >C4
[6] C6 H7 H3 H1 S2  >C6
[7] D8 H7 H3 H1 S2 
テイク得点 :   0
[0] CK C3 S3 D7 H9  >CK
[1] S6 C3 S3 D7 H9  >S6
[2] H2 C3 S3 D7 H9  >H2
[3] D1 C3 S3 D7 H9  >D1
[4] HK C3 S3 D7 H9  >HK
[5] H5 C3 S3 D7 H9  >H5
[6] C2 C3 S3 D7 H9  >C2
[7] C5 C3 S3 D7 H9 
テイク得点 :   1
トライ得点 : 4204171
[0] HJ D6 D5 C7 H5 
テイク得点 :   1
[0] D1 H1 D9 DK H7 
テイク得点 :   1
[0] S1 C6 D3 C9 D4  >S1
[1] CT C6 D3 C9 D4  >CT
[2] S4 C6 D3 C9 D4  >S4
[3] H9 C6 D3 C9 D4  >H9
[4] CK C6 D3 C9 D4  >CK
[5] S5 C6 D3 C9 D4  >S5
[6] C4 C6 D3 C9 D4  >C4
[7] DQ C6 D3 C9 D4 
テイク得点 :   0
[0] S9 H8 C5 S8 S3  >S9
[1] HK H8 C5 S8 S3  >HK
[2] DT H8 C5 S8 S3  >DT
[3] DJ H8 C5 S8 S3  >DJ
[4] HT H8 C5 S8 S3  >HT
[5] S6 H8 C5 S8 S3  >S6
[6] C3 H8 C5 S8 S3  >C3
[7] H6 H8 C5 S8 S3 
テイク得点 :   1
[0] SK S2 D7 H3 CQ  >SK
[1] C2 S2 D7 H3 CQ  >C2
[2] C8 S2 D7 H3 CQ  >C8
[3] S7 S2 D7 H3 CQ  >S7
[4] D8 S2 D7 H3 CQ  >D8
[5] ST S2 D7 H3 CQ  >ST
[6] HQ S2 D7 H3 CQ  >HQ
[7] CJ S2 D7 H3 CQ 
テイク得点 :   0
トライ得点 : 4204171
[0] C2 D6 S8 C6 C3 
テイク得点 :   1
[0] CK D2 HT D7 S6 
テイク得点 :   0
[0] HK H3 H4 H1 C1  >HK
[1] DT H3 H4 H1 C1  >DT
[2] D4 H3 H4 H1 C1  >D4
[3] D1 H3 H4 H1 C1 
テイク得点 :   8
[0] SJ HJ D3 SK S3  >SJ
[1] HQ HJ D3 SK S3  >HQ
[2] S5 HJ D3 SK S3  >S5
[3] H2 HJ D3 SK S3  >H2
[4] H6 HJ D3 SK S3  >H6
[5] CJ HJ D3 SK S3  >CJ
[6] DK HJ D3 SK S3  >DK
[7] H7 HJ D3 SK S3 
テイク得点 :   1
[0] C8 S4 S1 DJ CQ  >C8
[1] H9 S4 S1 DJ CQ  >H9
[2] ST S4 S1 DJ CQ  >ST
[3] C4 S4 S1 DJ CQ  >C4
[4] SQ S4 S1 DJ CQ  >SQ
[5] C9 S4 S1 DJ CQ  >C9
[6] D5 S4 S1 DJ CQ  >D5
[7] C5 S4 S1 DJ CQ 
テイク得点 :   0
トライ得点 : 4204171
[0] S9 D6 HK DT H4 
テイク得点 :   0
[0] S3 D5 D8 H2 H5 
テイク得点 :   1
[0] H6 CQ H7 H3 C7  >H6
[1] C6 CQ H7 H3 C7  >C6
[2] H1 CQ H7 H3 C7  >H1
[3] CJ CQ H7 H3 C7  >CJ
[4] HQ CQ H7 H3 C7  >HQ
[5] DQ CQ H7 H3 C7  >DQ
[6] CK CQ H7 H3 C7  >CK
[7] DK CQ H7 H3 C7 
テイク得点 :   1
[0] H8 HT S2 C2 C1  >H8
[1] D3 HT S2 C2 C1  >D3
[2] C9 HT S2 C2 C1  >C9
[3] D7 HT S2 C2 C1  >D7
[4] S4 HT S2 C2 C1  >S4
[5] SQ HT S2 C2 C1  >SQ
[6] SJ HT S2 C2 C1  >SJ
[7] C4 HT S2 C2 C1 
テイク得点 :   1
[0] S7 D1 S5 D4 C8  >S7
[1] S8 D1 S5 D4 C8  >S8
[2] S6 D1 S5 D4 C8  >S6
[3] CT D1 S5 D4 C8  >CT
[4] D9 D1 S5 D4 C8  >D9
[5] C5 D1 S5 D4 C8  >C5
[6] D2 D1 S5 D4 C8  >D2
[7] H9 D1 S5 D4 C8 
テイク得点 :   0
トライ得点 : 4204171
[0] S2 C8 D7 DK D2 
テイク得点 :   1
[0] H5 DQ SK S7 SQ 
テイク得点 :   1
[0] D6 CJ S3 C6 S9  >D6
[1] H1 CJ S3 C6 S9  >H1
[2] C5 CJ S3 C6 S9  >C5
[3] HT CJ S3 C6 S9  >HT
[4] D1 CJ S3 C6 S9  >D1
[5] H7 CJ S3 C6 S9  >H7
[6] C4 CJ S3 C6 S9  >C4
[7] HJ CJ S3 C6 S9 
テイク得点 :   1
[0] H4 CK C3 S8 CT  >H4
[1] H9 CK C3 S8 CT  >H9
[2] DT CK C3 S8 CT  >DT
[3] CQ CK C3 S8 CT  >CQ
[4] H2 CK C3 S8 CT  >H2
[5] H3 CK C3 S8 CT  >H3
[6] HK CK C3 S8 CT  >HK
[7] C2 CK C3 S8 CT 
テイク得点 :   0
[0] ST H8 H6 D9 D8  >ST
[1] D3 H8 H6 D9 D8  >D3
[2] DJ H8 H6 D9 D8  >DJ
[3] S4 H8 H6 D9 D8  >S4
[4] S5 H8 H6 D9 D8  >S5
[5] SJ H8 H6 D9 D8  >SJ
[6] HQ H8 H6 D9 D8  >HQ
[7] D5 H8 H6 D9 D8 
テイク得点 :   1
トライ得点 : 4204171
[0] H6 ST C6 H7 D5 
テイク得点 :   1
[0] D1 S2 S7 D9 C1 
テイク得点 :   1
[0] DQ S3 D3 D4 HT  >DQ
[1] C2 S3 D3 D4 HT  >C2
[2] D8 S3 D3 D4 HT  >D8
[3] H8 S3 D3 D4 HT  >H8
[4] H5 S3 D3 D4 HT  >H5
[5] C3 S3 D3 D4 HT 
テイク得点 :   8
[0] S8 SQ S6 HK C8  >S8
[1] C9 SQ S6 HK C8  >C9
[2] SJ SQ S6 HK C8  >SJ
[3] CJ SQ S6 HK C8  >CJ
[4] D7 SQ S6 HK C8  >D7
[5] H9 SQ S6 HK C8  >H9
[6] DT SQ S6 HK C8  >DT
[7] H2 SQ S6 HK C8 
テイク得点 :   0
[0] CK DJ H4 CQ H1  >CK
[1] DK DJ H4 CQ H1  >DK
[2] CT DJ H4 CQ H1  >CT
[3] C4 DJ H4 CQ H1  >C4
[4] D2 DJ H4 CQ H1  >D2
[5] S9 DJ H4 CQ H1  >S9
[6] S4 DJ H4 CQ H1  >S4
[7] S5 DJ H4 CQ H1 
テイク得点 :   0
トライ得点 : 4204171
[0] HJ H5 DK H6 SK 
テイク得点 :   1
[0] S8 C6 HT C1 C5 
テイク得点 :   0
[0] CK D9 H2 S4 DQ  >CK
[1] C9 D9 H2 S4 DQ  >C9
[2] D6 D9 H2 S4 DQ  >D6
[3] HQ D9 H2 S4 DQ  >HQ
[4] H3 D9 H2 S4 DQ  >H3
[5] DJ D9 H2 S4 DQ  >DJ
[6] C8 D9 H2 S4 DQ  >C8
[7] ST D9 H2 S4 DQ 
テイク得点 :   0
[0] SQ S7 S6 D3 H9  >SQ
[1] S9 S7 S6 D3 H9  >S9
[2] C7 S7 S6 D3 H9  >C7
[3] HK S7 S6 D3 H9  >HK
[4] CJ S7 S6 D3 H9  >CJ
[5] S1 S7 S6 D3 H9  >S1
[6] H8 S7 S6 D3 H9  >H8
[7] D7 S7 S6 D3 H9 
テイク得点 :   1
[0] C4 CT C3 DT CQ  >C4
[1] H7 CT C3 DT CQ  >H7
[2] D1 CT C3 DT CQ  >D1
[3] SJ CT C3 DT CQ  >SJ
[4] S3 CT C3 DT CQ  >S3
[5] D8 CT C3 DT CQ  >D8
[6] D2 CT C3 DT CQ  >D2
[7] D5 CT C3 DT CQ 
テイク得点 :   1
トライ得点 : 4204171
[0] S9 SK CK H8 S5 
テイク得点 :   1
[0] H5 S1 SQ D3 C9 
テイク得点 :   0
[0] H9 H6 C6 C2 HK  >H9
[1] D6 H6 C6 C2 HK 
テイク得点 :   8
[0] CQ H1 DQ C5 S3  >CQ
[1] D5 H1 DQ C5 S3  >D5
[2] DT H1 DQ C5 S3  >DT
[3] S4 H1 DQ C5 S3  >S4
[4] H4 H1 DQ C5 S3  >H4
[5] D9 H1 DQ C5 S3  >D9
[6] D8 H1 DQ C5 S3  >D8
[7] C7 H1 DQ C5 S3 
テイク得点 :   0
[0] CJ SJ DK HQ S8  >CJ
[1] D2 SJ DK HQ S8  >D2
[2] H2 SJ DK HQ S8  >H2
[3] DJ SJ DK HQ S8  >DJ
[4] D7 SJ DK HQ S8  >D7
[5] C3 SJ DK HQ S8  >C3
[6] D1 SJ DK HQ S8  >D1
[7] H7 SJ DK HQ S8 
テイク得点 :   0
トライ得点 : 4204171
[0] C9 C8 C5 D2 D4 
テイク得点 :   0
[0] H2 D7 CQ S7 HK 
テイク得点 :   1
[0] D6 S6 S1 S9 C4  >D6
[1] D1 S6 S1 S9 C4  >D1
[2] H1 S6 S1 S9 C4  >H1
[3] HT S6 S1 S9 C4  >HT
[4] H5 S6 S1 S9 C4  >H5
[5] DK S6 S1 S9 C4  >DK
[6] SJ S6 S1 S9 C4  >SJ
[7] DJ S6 S1 S9 C4 
テイク得点 :   0
[0] S8 HQ D8 CT D9  >S8
[1] H8 HQ D8 CT D9  >H8
[2] C2 HQ D8 CT D9  >C2
[3] SK HQ D8 CT D9  >SK
[4] HJ HQ D8 CT D9 
テイク得点 :  32
[0] C7 ST H9 CK S5  >C7
[1] H6 ST H9 CK S5  >H6
[2] S3 ST H9 CK S5  >S3
[3] S2 ST H9 CK S5  >S2
[4] SQ ST H9 CK S5  >SQ
[5] CJ ST H9 CK S5  >CJ
[6] H3 ST H9 CK S5  >H3
[7] C6 ST H9 CK S5 
テイク得点 :   0
トライ得点 : 4204171
[0] H7 HK SK S1 C4 
テイク得点 :   1
[0] D4 H8 S3 D6 C1 
テイク得点 :   0
[0] D1 CJ S5 DQ S2  >D1
[1] C2 CJ S5 DQ S2  >C2
[2] S7 CJ S5 DQ S2  >S7
[3] CT CJ S5 DQ S2  >CT
[4] D9 CJ S5 DQ S2  >D9
[5] SJ CJ S5 DQ S2  >SJ
[6] S4 CJ S5 DQ S2  >S4
[7] S8 CJ S5 DQ S2 
テイク得点 :   0
[0] C6 HT HJ C5 DK  >C6
[1] H2 HT HJ C5 DK  >H2
[2] ST HT HJ C5 DK  >ST
[3] H4 HT HJ C5 DK  >H4
[4] C8 HT HJ C5 DK  >C8
[5] HQ HT HJ C5 DK  >HQ
[6] H9 HT HJ C5 DK  >H9
[7] C7 HT HJ C5 DK 
テイク得点 :   0
[0] H5 CK H3 D8 H1  >H5
[1] D2 CK H3 D8 H1  >D2
[2] C9 CK H3 D8 H1  >C9
[3] S6 CK H3 D8 H1  >S6
[4] DT CK H3 D8 H1  >DT
[5] DJ CK H3 D8 H1  >DJ
[6] D7 CK H3 D8 H1  >D7
[7] CQ CK H3 D8 H1 
テイク得点 :   0
トライ得点 : 4204171
[0] CJ D6 CQ CK SK 
テイク得点 :   1
[0] D2 C2 S6 HQ H8 
テイク得点 :   1
[0] D3 S8 D8 S7 S3  >D3
[1] H4 S8 D8 S7 S3  >H4
[2] ST S8 D8 S7 S3  >ST
[3] S2 S8 D8 S7 S3  >S2
[4] D7 S8 D8 S7 S3  >D7
[5] DQ S8 D8 S7 S3  >DQ
[6] C5 S8 D8 S7 S3  >C5
[7] SQ S8 D8 S7 S3 
テイク得点 :   1
[0] H3 S4 S9 C7 DJ  >H3
[1] D4 S4 S9 C7 DJ  >D4
[2] H2 S4 S9 C7 DJ  >H2
[3] S1 S4 S9 C7 DJ  >S1
[4] CT S4 S9 C7 DJ  >CT
[5] H5 S4 S9 C7 DJ  >H5
[6] D1 S4 S9 C7 DJ  >D1
[7] S5 S4 S9 C7 DJ 
テイク得点 :   0
[0] DK C4 H9 DT D5  >DK
[1] HK C4 H9 DT D5  >HK
[2] HT C4 H9 DT D5  >HT
[3] C8 C4 H9 DT D5  >C8
[4] C9 C4 H9 DT D5  >C9
[5] SJ C4 H9 DT D5  >SJ
[6] H1 C4 H9 DT D5  >H1
[7] C1 C4 H9 DT D5 
テイク得点 :   0
トライ得点 : 4204171
[0] HT S6 C7 H7 D3 
テイク得点 :   1
[0] H5 D2 DK CQ H8 
テイク得点 :   0
[0] D9 C4 H6 S2 HK  >D9
[1] S8 C4 H6 S2 HK  >S8
[2] CT C4 H6 S2 HK  >CT
[3] SJ C4 H6 S2 HK  >SJ
[4] H3 C4 H6 S2 HK  >H3
[5] D8 C4 H6 S2 HK  >D8
[6] CJ C4 H6 S2 HK  >CJ
[7] C6 C4 H6 S2 HK 
テイク得点 :   1
[0] C1 D4 H9 H1 HJ  >C1
[1] C3 D4 H9 H1 HJ  >C3
[2] S4 D4 H9 H1 HJ  >S4
[3] DT D4 H9 H1 HJ  >DT
[4] C2 D4 H9 H1 HJ  >C2
[5] S3 D4 H9 H1 HJ  >S3
[6] S9 D4 H9 H1 HJ  >S9
[7] DJ D4 H9 H1 HJ 
テイク得点 :   1
[0] S7 C8 SK S1 D6  >S7
[1] S5 C8 SK S1 D6  >S5
[2] CK C8 SK S1 D6  >CK
[3] ST C8 SK S1 D6  >ST
[4] C5 C8 SK S1 D6  >C5
[5] H2 C8 SK S1 D6  >H2
[6] D1 C8 SK S1 D6  >D1
[7] DQ C8 SK S1 D6 
テイク得点 :   0
トライ得点 : 4204171
[0] CT C8 ST C4 HJ 
テイク得点 :   1
[0] D7 H2 S9 DQ D3 
テイク得点 :   0
[0] D4 DT CK H7 C5  >D4
[1] SK DT CK H7 C5  >SK
[2] CQ DT CK H7 C5  >CQ
[3] S4 DT CK H7 C5  >S4
[4] SQ DT CK H7 C5  >SQ
[5] C2 DT CK H7 C5  >C2
[6] S6 DT CK H7 C5  >S6
[7] HT DT CK H7 C5 
テイク得点 :   1
[0] S2 C7 S5 D1 DK  >S2
[1] HQ C7 S5 D1 DK  >HQ
[2] S8 C7 S5 D1 DK  >S8
[3] S1 C7 S5 D1 DK  >S1
[4] C9 C7 S5 D1 DK  >C9
[5] H1 C7 S5 D1 DK  >H1
[6] D5 C7 S5 D1 DK  >D5
[7] H9 C7 S5 D1 DK 
テイク得点 :   0
[0] HK H3 D6 H5 C1  >HK
[1] D9 H3 D6 H5 C1  >D9
[2] S7 H3 D6 H5 C1  >S7
[3] D8 H3 D6 H5 C1  >D8
[4] DJ H3 D6 H5 C1  >DJ
[5] SJ H3 D6 H5 C1  >SJ
[6] H8 H3 D6 H5 C1  >H8
[7] CJ H3 D6 H5 C1 
テイク得点 :   0
トライ得点 : 4204171
[0] S3 H1 H8 H3 H9 
テイク得点 :   1
[0] HT DJ SQ S4 D2 
テイク得点 :   0
[0] HJ D4 DT S6 D9  >HJ
[1] S1 D4 DT S6 D9  >S1
[2] C4 D4 DT S6 D9  >C4
[3] HQ D4 DT S6 D9  >HQ
[4] S7 D4 DT S6 D9  >S7
[5] C5 D4 DT S6 D9  >C5
[6] D5 D4 DT S6 D9  >D5
[7] C2 D4 DT S6 D9 
テイク得点 :   0
[0] CT ST C3 CJ SJ  >CT
[1] S2 ST C3 CJ SJ  >S2
[2] D7 ST C3 CJ SJ  >D7
[3] CK ST C3 CJ SJ  >CK
[4] DQ ST C3 CJ SJ  >DQ
[5] D8 ST C3 CJ SJ  >D8
[6] S8 ST C3 CJ SJ  >S8
[7] D6 ST C3 CJ SJ 
テイク得点 :   1
[0] DK D1 H2 C7 S5  >DK
[1] C9 D1 H2 C7 S5  >C9
[2] D3 D1 H2 C7 S5  >D3
[3] SK D1 H2 C7 S5  >SK
[4] H6 D1 H2 C7 S5  >H6
[5] HK D1 H2 C7 S5  >HK
[6] C1 D1 H2 C7 S5  >C1
[7] H7 D1 H2 C7 S5 
テイク得点 :   1
トライ得点 : 4204171
[0] D4 H3 S5 DJ DT 
テイク得点 :   0
[0] HQ D8 S3 H8 H4 
テイク得点 :   1
[0] S1 C9 H9 D1 C3  >S1
[1] H2 C9 H9 D1 C3  >H2
[2] D9 C9 H9 D1 C3 
テイク得点 :   8
[0] SK H6 C4 HJ CT  >SK
[1] S2 H6 C4 HJ CT  >S2
[2] D7 H6 C4 HJ CT  >D7
[3] H7 H6 C4 HJ CT  >H7
[4] CQ H6 C4 HJ CT  >CQ
[5] C5 H6 C4 HJ CT  >C5
[6] S4 H6 C4 HJ CT  >S4
[7] ST H6 C4 HJ CT 
テイク得点 :   1
[0] D2 D5 C1 CJ S9  >D2
[1] C2 D5 C1 CJ S9  >C2
[2] DK D5 C1 CJ S9  >DK
[3] DQ D5 C1 CJ S9  >DQ
[4] S7 D5 C1 CJ S9  >S7
[5] SJ D5 C1 CJ S9  >SJ
[6] HT D5 C1 CJ S9  >HT
[7] H5 D5 C1 CJ S9 
テイク得点 :   1
トライ得点 : 4204171
[0] C9 HQ ST S8 H8 
テイク得点 :   1
[0] D4 H5 H9 D2 DK 
テイク得点 :   0
[0] H7 SQ D7 C6 C7 
テイク得点 :   8
[0] S7 SK H2 DJ HJ  >S7
[1] SJ SK H2 DJ HJ 
テイク得点 :   8
[0] S6 HT S9 D5 D6  >S6
[1] CQ HT S9 D5 D6  >CQ
[2] D3 HT S9 D5 D6  >D3
[3] C3 HT S9 D5 D6  >C3
[4] S2 HT S9 D5 D6  >S2
[5] H3 HT S9 D5 D6  >H3
[6] D8 HT S9 D5 D6  >D8
[7] H4 HT S9 D5 D6 
テイク得点 :   0
トライ得点 : 4204171
[0] HK C5 S7 S4 H2 
テイク得点 :   0
[0] DK S1 S6 C2 H3 
テイク得点 :   0
[0] D5 H9 ST SJ H4  >D5
[1] D9 H9 ST SJ H4  >D9
[2] HT H9 ST SJ H4  >HT
[3] S2 H9 ST SJ H4  >S2
[4] DT H9 ST SJ H4  >DT
[5] H6 H9 ST SJ H4  >H6
[6] HQ H9 ST SJ H4  >HQ
[7] C4 H9 ST SJ H4 
テイク得点 :   1
[0] H7 C3 D1 CJ D4  >H7
[1] CQ C3 D1 CJ D4  >CQ
[2] DQ C3 D1 CJ D4  >DQ
[3] H8 C3 D1 CJ D4  >H8
[4] C8 C3 D1 CJ D4  >C8
[5] D3 C3 D1 CJ D4  >D3
[6] S8 C3 D1 CJ D4  >S8
[7] HJ C3 D1 CJ D4 
テイク得点 :   1
[0] S3 C9 SK D8 D7  >S3
[1] CT C9 SK D8 D7  >CT
[2] C6 C9 SK D8 D7  >C6
[3] CK C9 SK D8 D7  >CK
[4] D6 C9 SK D8 D7  >D6
[5] S5 C9 SK D8 D7  >S5
[6] SQ C9 SK D8 D7  >SQ
[7] H1 C9 SK D8 D7 
テイク得点 :   0
トライ得点 : 4204171
[0] SJ D5 C2 HJ ST 
テイク得点 :   1
[0] H6 DT H7 CJ D4 
テイク得点 :   0
[0] D8 D7 SQ C4 S4  >D8
[1] H2 D7 SQ C4 S4  >H2
[2] C9 D7 SQ C4 S4  >C9
[3] HK D7 SQ C4 S4  >HK
[4] CT D7 SQ C4 S4  >CT
[5] HQ D7 SQ C4 S4  >HQ
[6] HT D7 SQ C4 S4  >HT
[7] DJ D7 SQ C4 S4 
テイク得点 :   1
[0] C7 S2 C1 CK S8  >C7
[1] S3 S2 C1 CK S8  >S3
[2] D2 S2 C1 CK S8  >D2
[3] S7 S2 C1 CK S8  >S7
[4] S6 S2 C1 CK S8  >S6
[5] C6 S2 C1 CK S8  >C6
[6] H1 S2 C1 CK S8  >H1
[7] DK S2 C1 CK S8 
テイク得点 :   1
[0] D9 S5 C3 CQ H4  >D9
[1] S1 S5 C3 CQ H4  >S1
[2] C8 S5 C3 CQ H4  >C8
[3] D1 S5 C3 CQ H4  >D1
[4] D3 S5 C3 CQ H4  >D3
[5] SK S5 C3 CQ H4  >SK
[6] C5 S5 C3 CQ H4  >C5
[7] DQ S5 C3 CQ H4 
テイク得点 :   1
トライ得点 : 4204171
[0] D3 D2 H6 HT D9 
テイク得点 :   0
[0] S3 D1 ST H1 DT 
テイク得点 :   2
[0] CT H5 D4 C2 D8  >CT
[1] D7 H5 D4 C2 D8  >D7
[2] D6 H5 D4 C2 D8  >D6
[3] HQ H5 D4 C2 D8  >HQ
[4] C5 H5 D4 C2 D8  >C5
[5] SJ H5 D4 C2 D8  >SJ
[6] C1 H5 D4 C2 D8  >C1
[7] DK H5 D4 C2 D8 
テイク得点 :   0
[0] C6 S9 C4 H7 DJ  >C6
[1] C7 S9 C4 H7 DJ  >C7
[2] CQ S9 C4 H7 DJ  >CQ
[3] S6 S9 C4 H7 DJ  >S6
[4] S2 S9 C4 H7 DJ  >S2
[5] HK S9 C4 H7 DJ  >HK
[6] C8 S9 C4 H7 DJ  >C8
[7] H8 S9 C4 H7 DJ 
テイク得点 :   0
[0] C9 HJ C3 H2 DQ  >C9
[1] SQ HJ C3 H2 DQ  >SQ
[2] S4 HJ C3 H2 DQ  >S4
[3] CJ HJ C3 H2 DQ  >CJ
[4] D5 HJ C3 H2 DQ  >D5
[5] S8 HJ C3 H2 DQ  >S8
[6] H4 HJ C3 H2 DQ  >H4
[7] SK HJ C3 H2 DQ 
テイク得点 :   0
トライ得点 : 4204171
[0] C2 H9 DQ SJ HK 
テイク得点 :   0
[0] C8 C7 DT D6 ST 
テイク得点 :   1
[0] D3 C1 HT SQ HQ  >D3
[1] H1 C1 HT SQ HQ  >H1
[2] CJ C1 HT SQ HQ  >CJ
[3] H3 C1 HT SQ HQ  >H3
[4] D9 C1 HT SQ HQ  >D9
[5] C5 C1 HT SQ HQ  >C5
[6] C9 C1 HT SQ HQ  >C9
[7] CQ C1 HT SQ HQ 
テイク得点 :   8
[0] D7 S3 S1 D4 D5  >D7
[1] H4 S3 S1 D4 D5  >H4
[2] H5 S3 S1 D4 D5  >H5
[3] H6 S3 S1 D4 D5  >H6
[4] DK S3 S1 D4 D5  >DK
[5] CK S3 S1 D4 D5  >CK
[6] S5 S3 S1 D4 D5  >S5
[7] DJ S3 S1 D4 D5 
テイク得点 :   0
[0] H8 CT H2 S6 H7  >H8
[1] S9 CT H2 S6 H7  >S9
[2] D1 CT H2 S6 H7  >D1
[3] C6 CT H2 S6 H7  >C6
[4] C3 CT H2 S6 H7  >C3
[5] D8 CT H2 S6 H7  >D8
[6] S2 CT H2 S6 H7  >S2
[7] C4 CT H2 S6 H7 
テイク得点 :   0
トライ得点 : 4204171
[0] S6 C7 S8 C3 C2 
テイク得点 :   0
[0] HK D4 H8 H6 C8 
テイク得点 :   1
[0] D5 D8 HQ DQ S9  >D5
[1] D9 D8 HQ DQ S9  >D9
[2] D6 D8 HQ DQ S9  >D6
[3] CQ D8 HQ DQ S9 
テイク得点 :   8
[0] CT HJ D7 C9 DT  >CT
[1] S5 HJ D7 C9 DT  >S5
[2] C5 HJ D7 C9 DT  >C5
[3] D2 HJ D7 C9 DT  >D2
[4] D3 HJ D7 C9 DT  >D3
[5] SK HJ D7 C9 DT  >SK
[6] H9 HJ D7 C9 DT  >H9
[7] H5 HJ D7 C9 DT 
テイク得点 :   0
[0] H4 CJ C4 S3 H1  >H4
[1] SJ CJ C4 S3 H1  >SJ
[2] C6 CJ C4 S3 H1  >C6
[3] S1 CJ C4 S3 H1  >S1
[4] CK CJ C4 S3 H1  >CK
[5] C1 CJ C4 S3 H1  >C1
[6] H2 CJ C4 S3 H1  >H2
[7] S4 CJ C4 S3 H1 
テイク得点 :   1
トライ得点 : 4204171
[0] SQ C1 S4 SK C9 
テイク得点 :   0
[0] S8 ST H2 D9 S6 
テイク得点 :   0
[0] DT S2 C6 H4 C2  >DT
[1] HK S2 C6 H4 C2  >HK
[2] D5 S2 C6 H4 C2  >D5
[3] S5 S2 C6 H4 C2  >S5
[4] D7 S2 C6 H4 C2  >D7
[5] DJ S2 C6 H4 C2  >DJ
[6] CJ S2 C6 H4 C2  >CJ
[7] CK S2 C6 H4 C2 
テイク得点 :   1
[0] D6 HT S9 H5 C8  >D6
[1] C7 HT S9 H5 C8  >C7
[2] C5 HT S9 H5 C8  >C5
[3] SJ HT S9 H5 C8  >SJ
[4] H7 HT S9 H5 C8  >H7
[5] D8 HT S9 H5 C8  >D8
[6] HQ HT S9 H5 C8  >HQ
[7] S7 HT S9 H5 C8 
テイク得点 :   0
[0] S1 D4 DK H6 D1  >S1
[1] C3 D4 DK H6 D1  >C3
[2] H3 D4 DK H6 D1  >H3
[3] S3 D4 DK H6 D1  >S3
[4] D2 D4 DK H6 D1  >D2
[5] D3 D4 DK H6 D1  >D3
[6] HJ D4 DK H6 D1  >HJ
[7] CQ D4 DK H6 D1 
テイク得点 :   0
トライ得点 : 4204171
[0] CK S3 S8 C9 S7 
テイク得点 :   0
[0] C3 D1 SK HT H1 
テイク得点 :   1
[0] S6 D3 C7 DK H2  >S6
[1] D8 D3 C7 DK H2  >D8
[2] DQ D3 C7 DK H2  >DQ
[3] CQ D3 C7 DK H2  >CQ
[4] S9 D3 C7 DK H2  >S9
[5] DJ D3 C7 DK H2  >DJ
[6] ST D3 C7 DK H2  >ST
[7] C1 D3 C7 DK H2 
テイク得点 :   0
[0] SQ H9 H8 HK D9  >SQ
[1] H4 H9 H8 HK D9  >H4
[2] SJ H9 H8 HK D9  >SJ
[3] S5 H9 H8 HK D9  >S5
[4] HQ H9 H8 HK D9  >HQ
[5] S2 H9 H8 HK D9  >S2
[6] D5 H9 H8 HK D9  >D5
[7] H6 H9 H8 HK D9 
テイク得点 :   1
[0] CJ D2 D4 C6 H3  >CJ
[1] S4 D2 D4 C6 H3  >S4
[2] S1 D2 D4 C6 H3  >S1
[3] C8 D2 D4 C6 H3  >C8
[4] H5 D2 D4 C6 H3 
テイク得点 :  32
トライ得点 : 4204171
[0] HQ D2 H7 DT D8 
テイク得点 :   0
[0] CQ SJ SK S2 HT 
テイク得点 :   0
[0] C8 DQ C3 CJ HJ  >C8
[1] CK DQ C3 CJ HJ  >CK
[2] C6 DQ C3 CJ HJ  >C6
[3] S5 DQ C3 CJ HJ  >S5
[4] HK DQ C3 CJ HJ  >HK
[5] D3 DQ C3 CJ HJ  >D3
[6] D7 DQ C3 CJ HJ  >D7
[7] D6 DQ C3 CJ HJ 
テイク得点 :   1
[0] C5 ST H6 S9 S6  >C5
[1] C7 ST H6 S9 S6  >C7
[2] H5 ST H6 S9 S6  >H5
[3] S4 ST H6 S9 S6  >S4
[4] D1 ST H6 S9 S6  >D1
[5] DJ ST H6 S9 S6  >DJ
[6] H3 ST H6 S9 S6  >H3
[7] S8 ST H6 S9 S6 
テイク得点 :   1
[0] D5 CT C2 C1 C4  >D5
[1] H8 CT C2 C1 C4  >H8
[2] S3 CT C2 C1 C4  >S3
[3] D9 CT C2 C1 C4  >D9
[4] H1 CT C2 C1 C4  >H1
[5] S7 CT C2 C1 C4  >S7
[6] H2 CT C2 C1 C4  >H2
[7] DK CT C2 C1 C4 
テイク得点 :   0
トライ得点 : 4204171
[0] DT D3 H8 D4 C2 
テイク得点 :   0
[0] CT SQ D9 HK S3 
テイク得点 :   0
[0] SJ C5 CK H2 C1  >SJ
[1] CQ C5 CK H2 C1  >CQ
[2] D2 C5 CK H2 C1  >D2
[3] DJ C5 CK H2 C1  >DJ
[4] C3 C5 CK H2 C1  >C3
[5] H6 C5 CK H2 C1  >H6
[6] DK C5 CK H2 C1  >DK
[7] CJ C5 CK H2 C1 
テイク得点 :   0
[0] DQ C8 HJ S9 H4  >DQ
[1] S4 C8 HJ S9 H4  >S4
[2] H1 C8 HJ S9 H4  >H1
[3] H3 C8 HJ S9 H4  >H3
[4] ST C8 HJ S9 H4  >ST
[5] S5 C8 HJ S9 H4  >S5
[6] S8 C8 HJ S9 H4  >S8
[7] S1 C8 HJ S9 H4 
テイク得点 :   0
[0] D8 S2 HT H7 S7  >D8
[1] SK S2 HT H7 S7  >SK
[2] C7 S2 HT H7 S7 
テイク得点 :   8
トライ得点 : 4204171
[0] H2 S5 S6 S4 CQ 
テイク得点 :   0
[0] SK C6 H3 ST H9 
テイク得点 :   0
[0] D2 H1 CJ HT C3  >D2
[1] C4 H1 CJ HT C3  >C4
[2] D3 H1 CJ HT C3  >D3
[3] DQ H1 CJ HT C3  >DQ
[4] C7 H1 CJ HT C3  >C7
[5] S2 H1 CJ HT C3  >S2
[6] C9 H1 CJ HT C3  >C9
[7] D5 H1 CJ HT C3 
テイク得点 :   0
[0] C1 HQ H7 D9 D6  >C1
[1] H5 HQ H7 D9 D6  >H5
[2] S9 HQ H7 D9 D6  >S9
[3] DK HQ H7 D9 D6  >DK
[4] SQ HQ H7 D9 D6  >SQ
[5] DT HQ H7 D9 D6  >DT
[6] H6 HQ H7 D9 D6  >H6
[7] S7 HQ H7 D9 D6 
テイク得点 :   1
[0] D8 C5 CK S1 HK  >D8
[1] HJ C5 CK S1 HK  >HJ
[2] H8 C5 CK S1 HK  >H8
[3] C2 C5 CK S1 HK  >C2
[4] S8 C5 CK S1 HK  >S8
[5] D4 C5 CK S1 HK  >D4
[6] SJ C5 CK S1 HK  >SJ
[7] D7 C5 CK S1 HK 
テイク得点 :   1
トライ得点 : 4204171
[0] ST S2 DJ D7 H6 
テイク得点 :   0
[0] D1 H1 D5 D9 H4 
テイク得点 :   1
[0] S7 HT H9 DQ S3  >S7
[1] C4 HT H9 DQ S3  >C4
[2] S8 HT H9 DQ S3  >S8
[3] HQ HT H9 DQ S3  >HQ
[4] C3 HT H9 DQ S3  >C3
[5] CT HT H9 DQ S3  >CT
[6] H7 HT H9 DQ S3  >H7
[7] C9 HT H9 DQ S3 
テイク得点 :   1
[0] HJ HK SQ D3 CK  >HJ
[1] S5 HK SQ D3 CK  >S5
[2] DK HK SQ D3 CK 
テイク得点 :   8
[0] CQ D8 CJ C1 H3  >CQ
[1] S6 D8 CJ C1 H3  >S6
[2] S1 D8 CJ C1 H3  >S1
[3] H8 D8 CJ C1 H3  >H8
[4] D4 D8 CJ C1 H3  >D4
[5] S9 D8 CJ C1 H3  >S9
[6] C6 D8 CJ C1 H3  >C6
[7] SK D8 CJ C1 H3 
テイク得点 :   0
トライ得点 : 4204171
[0] DJ C6 C7 C2 S7 
テイク得点 :   1
[0] SQ CT C8 S3 HT 
テイク得点 :   1
[0] D2 C5 C9 D3 C4  >D2
[1] CQ C5 C9 D3 C4  >CQ
[2] S1 C5 C9 D3 C4  >S1
[3] S4 C5 C9 D3 C4  >S4
[4] SJ C5 C9 D3 C4  >SJ
[5] ST C5 C9 D3 C4  >ST
[6] DT C5 C9 D3 C4  >DT
[7] D7 C5 C9 D3 C4 
テイク得点 :   0
[0] D1 DK H2 H9 H8  >D1
[1] HJ DK H2 H9 H8  >HJ
[2] SK DK H2 H9 H8  >SK
[3] D5 DK H2 H9 H8  >D5
[4] CK DK H2 H9 H8  >CK
[5] D6 DK H2 H9 H8  >D6
[6] H5 DK H2 H9 H8  >H5
[7] HK DK H2 H9 H8 
テイク得点 :   1
[0] D4 C3 H7 D8 HQ  >D4
[1] S8 C3 H7 D8 HQ  >S8
[2] CJ C3 H7 D8 HQ  >CJ
[3] C1 C3 H7 D8 HQ  >C1
[4] D9 C3 H7 D8 HQ  >D9
[5] S6 C3 H7 D8 HQ  >S6
[6] DQ C3 H7 D8 HQ  >DQ
[7] H1 C3 H7 D8 HQ 
テイク得点 :   0
トライ得点 : 4204171
[0] DJ CJ C3 D1 S6 
テイク得点 :   1
[0] S7 S5 D9 C1 S1 
テイク得点 :   1
[0] HT H5 C6 HK H8  >HT
[1] CK H5 C6 HK H8  >CK
[2] C5 H5 C6 HK H8  >C5
[3] C4 H5 C6 HK H8  >C4
[4] D3 H5 C6 HK H8  >D3
[5] H6 H5 C6 HK H8  >H6
[6] S8 H5 C6 HK H8  >S8
[7] H9 H5 C6 HK H8 
テイク得点 :   0
[0] S9 DT C9 ST H4  >S9
[1] D7 DT C9 ST H4  >D7
[2] D4 DT C9 ST H4  >D4
[3] CT DT C9 ST H4 
テイク得点 :   8
[0] S3 CQ S2 H3 DK  >S3
[1] HJ CQ S2 H3 DK  >HJ
[2] HQ CQ S2 H3 DK  >HQ
[3] H7 CQ S2 H3 DK  >H7
[4] D6 CQ S2 H3 DK  >D6
[5] D8 CQ S2 H3 DK  >D8
[6] H1 CQ S2 H3 DK  >H1
[7] DQ CQ S2 H3 DK 
テイク得点 :   1
トライ得点 : 4204171
[0] S5 HQ H8 C7 D5 
テイク得点 :   1
[0] SQ H7 CQ D3 H2 
テイク得点 :   1
[0] D1 DQ S8 D4 SJ  >D1
[1] D7 DQ S8 D4 SJ  >D7
[2] HT DQ S8 D4 SJ  >HT
[3] DT DQ S8 D4 SJ  >DT
[4] C4 DQ S8 D4 SJ  >C4
[5] D6 DQ S8 D4 SJ  >D6
[6] SK DQ S8 D4 SJ  >SK
[7] CJ DQ S8 D4 SJ 
テイク得点 :   1
[0] H1 S1 H4 H5 C3  >H1
[1] C2 S1 H4 H5 C3 
テイク得点 :  32
[0] S4 DJ DK D9 C6  >S4
[1] C8 DJ DK D9 C6  >C8
[2] S2 DJ DK D9 C6  >S2
[3] H9 DJ DK D9 C6  >H9
[4] H6 DJ DK D9 C6  >H6
[5] HJ DJ DK D9 C6  >HJ
[6] C5 DJ DK D9 C6  >C5
[7] CT DJ DK D9 C6 
テイク得点 :   0
トライ得点 : 4204171
[0] H6 S5 H1 H3 S4 
テイク得点 :   0
[0] D2 D6 D8 C4 HQ 
テイク得点 :   0
[0] D5 S8 D4 ST CT  >D5
[1] S6 S8 D4 ST CT  >S6
[2] H4 S8 D4 ST CT  >H4
[3] DQ S8 D4 ST CT  >DQ
[4] S2 S8 D4 ST CT  >S2
[5] H7 S8 D4 ST CT  >H7
[6] D7 S8 D4 ST CT  >D7
[7] C5 S8 D4 ST CT 
テイク得点 :   1
[0] D9 H2 HT C3 D1  >D9
[1] C7 H2 HT C3 D1  >C7
[2] H8 H2 HT C3 D1  >H8
[3] DJ H2 HT C3 D1  >DJ
[4] C2 H2 HT C3 D1  >C2
[5] DT H2 HT C3 D1  >DT
[6] S9 H2 HT C3 D1  >S9
[7] C8 H2 HT C3 D1 
テイク得点 :   0
[0] SK CK C9 CQ H5  >SK
[1] HJ CK C9 CQ H5  >HJ
[2] SJ CK C9 CQ H5  >SJ
[3] DK CK C9 CQ H5  >DK
[4] D3 CK C9 CQ H5  >D3
[5] S7 CK C9 CQ H5  >S7
[6] SQ CK C9 CQ H5  >SQ
[7] C1 CK C9 CQ H5 
テイク得点 :   0
トライ得点 : 4204171
[0] CQ CJ D3 D1 HT 
テイク得点 :   0
[0] H4 H1 S9 C3 D5 
テイク得点 :   0
[0] H2 SK H3 S7 S6  >H2
[1] D8 SK H3 S7 S6  >D8
[2] D2 SK H3 S7 S6  >D2
[3] SJ SK H3 S7 S6  >SJ
[4] S8 SK H3 S7 S6  >S8
[5] H8 SK H3 S7 S6  >H8
[6] HK SK H3 S7 S6  >HK
[7] S3 SK H3 S7 S6 
テイク得点 :   1
[0] S4 DQ D9 HQ D4  >S4
[1] S5 DQ D9 HQ D4  >S5
[2] C8 DQ D9 HQ D4  >C8
[3] H5 DQ D9 HQ D4  >H5
[4] HJ DQ D9 HQ D4  >HJ
[5] C6 DQ D9 HQ D4  >C6
[6] H6 DQ D9 HQ D4  >H6
[7] S1 DQ D9 HQ D4 
テイク得点 :   1
[0] D6 C7 C5 C2 SQ  >D6
[1] S2 C7 C5 C2 SQ  >S2
[2] C1 C7 C5 C2 SQ  >C1
[3] D7 C7 C5 C2 SQ  >D7
[4] DJ C7 C5 C2 SQ  >DJ
[5] DK C7 C5 C2 SQ  >DK
[6] H7 C7 C5 C2 SQ  >H7
[7] CK C7 C5 C2 SQ 
テイク得点 :   0
トライ得点 : 4204171
[0] D3 DK S2 C8 S5 
テイク得点 :   0
[0] C6 C7 SK H2 H6 
テイク得点 :   1
[0] HQ S8 D2 D5 S3  >HQ
[1] CT S8 D2 D5 S3  >CT
[2] D4 S8 D2 D5 S3  >D4
[3] H1 S8 D2 D5 S3  >H1
[4] H3 S8 D2 D5 S3  >H3
[5] DT S8 D2 D5 S3  >DT
[6] C9 S8 D2 D5 S3  >C9
[7] CK S8 D2 D5 S3 
テイク得点 :   0
[0] DJ DQ C4 H8 ST  >DJ
[1] S7 DQ C4 H8 ST  >S7
[2] CJ DQ C4 H8 ST  >CJ
[3] S6 DQ C4 H8 ST  >S6
[4] D1 DQ C4 H8 ST  >D1
[5] S9 DQ C4 H8 ST  >S9
[6] S4 DQ C4 H8 ST  >S4
[7] HJ DQ C4 H8 ST 
テイク得点 :   0
[0] HT CQ S1 SJ C2  >HT
[1] D6 CQ S1 SJ C2  >D6
[2] HK CQ S1 SJ C2  >HK
[3] H4 CQ S1 SJ C2  >H4
[4] SQ CQ S1 SJ C2  >SQ
[5] D8 CQ S1 SJ C2  >D8
[6] H7 CQ S1 SJ C2  >H7
[7] D9 CQ S1 SJ C2 
テイク得点 :   0
トライ得点 : 4204171
[0] SK H2 C8 HJ CQ 
テイク得点 :   0
[0] D1 CK S4 H9 D9 
テイク得点 :   1
[0] H7 SQ S9 HQ H4  >H7
[1] D3 SQ S9 HQ H4  >D3
[2] S8 SQ S9 HQ H4  >S8
[3] S3 SQ S9 HQ H4  >S3
[4] S2 SQ S9 HQ H4  >S2
[5] D5 SQ S9 HQ H4  >D5
[6] C2 SQ S9 HQ H4  >C2
[7] C3 SQ S9 HQ H4 
テイク得点 :   1
[0] CT D4 DJ S7 C9  >CT
[1] C1 D4 DJ S7 C9  >C1
[2] DT D4 DJ S7 C9  >DT
[3] ST D4 DJ S7 C9  >ST
[4] CJ D4 DJ S7 C9  >CJ
[5] H6 D4 DJ S7 C9  >H6
[6] C6 D4 DJ S7 C9  >C6
[7] C7 D4 DJ S7 C9 
テイク得点 :   1
[0] S5 S6 DK S1 H8  >S5
[1] HK S6 DK S1 H8  >HK
[2] H5 S6 DK S1 H8  >H5
[3] D8 S6 DK S1 H8  >D8
[4] D2 S6 DK S1 H8  >D2
[5] H1 S6 DK S1 H8  >H1
[6] HT S6 DK S1 H8  >HT
[7] H3 S6 DK S1 H8 
テイク得点 :   0
トライ得点 : 4204171
[0] CT DK C2 H2 SK 
テイク得点 :   2
[0] D8 C3 HQ HJ S6 
テイク得点 :   0
[0] D9 HK H9 S4 S8  >D9
[1] C9 HK H9 S4 S8  >C9
[2] HT HK H9 S4 S8  >HT
[3] H8 HK H9 S4 S8  >H8
[4] C5 HK H9 S4 S8  >C5
[5] DT HK H9 S4 S8  >DT
[6] C4 HK H9 S4 S8  >C4
[7] DJ HK H9 S4 S8 
テイク得点 :   0
[0] CQ S9 D2 SQ C8  >CQ
[1] H4 S9 D2 SQ C8  >H4
[2] H1 S9 D2 SQ C8  >H1
[3] D5 S9 D2 SQ C8  >D5
[4] DQ S9 D2 SQ C8  >DQ
[5] CJ S9 D2 SQ C8  >CJ
[6] S3 S9 D2 SQ C8  >S3
[7] H5 S9 D2 SQ C8 
テイク得点 :   0
[0] D1 H3 S2 D4 D6  >D1
[1] S7 H3 S2 D4 D6  >S7
[2] H7 H3 S2 D4 D6  >H7
[3] C6 H3 S2 D4 D6  >C6
[4] S5 H3 S2 D4 D6 
テイク得点 :  32
トライ得点 : 4204171
[0] D5 H4 DT HJ CQ 
テイク得点 :   0
[0] D8 H9 CK S7 D4 
テイク得点 :   0
[0] S8 H5 C1 H7 SK  >S8
[1] C6 H5 C1 H7 SK  >C6
[2] H3 H5 C1 H7 SK  >H3
[3] DK H5 C1 H7 SK  >DK
[4] D1 H5 C1 H7 SK  >D1
[5] H2 H5 C1 H7 SK  >H2
[6] CT H5 C1 H7 SK  >CT
[7] C9 H5 C1 H7 SK 
テイク得点 :   0
[0] H6 D3 C5 S1 S5  >H6
[1] H8 D3 C5 S1 S5  >H8
[2] SJ D3 C5 S1 S5  >SJ
[3] DJ D3 C5 S1 S5  >DJ
[4] S4 D3 C5 S1 S5  >S4
[5] HK D3 C5 S1 S5  >HK
[6] C8 D3 C5 S1 S5  >C8
[7] HQ D3 C5 S1 S5 
テイク得点 :   1
[0] C7 HT D9 D2 C4  >C7
[1] S6 HT D9 D2 C4  >S6
[2] C2 HT D9 D2 C4  >C2
[3] CJ HT D9 D2 C4  >CJ
[4] D7 HT D9 D2 C4  >D7
[5] ST HT D9 D2 C4  >ST
[6] DQ HT D9 D2 C4  >DQ
[7] C3 HT D9 D2 C4 
テイク得点 :   0
トライ得点 : 4204171
[0] S6 D5 HT ST H9 
テイク得点 :   1
[0] CJ S7 D3 C3 C9 
テイク得点 :   1
[0] DK DT S3 C6 H3  >DK
[1] H8 DT S3 C6 H3  >H8
[2] S4 DT S3 C6 H3  >S4
[3] S5 DT S3 C6 H3  >S5
[4] S9 DT S3 C6 H3  >S9
[5] H2 DT S3 C6 H3  >H2
[6] CQ DT S3 C6 H3  >CQ
[7] CK DT S3 C6 H3 
テイク得点 :   1
[0] HK H6 D9 DQ C4  >HK
[1] D1 H6 D9 DQ C4  >D1
[2] HJ H6 D9 DQ C4  >HJ
[3] H5 H6 D9 DQ C4  >H5
[4] H1 H6 D9 DQ C4  >H1
[5] D7 H6 D9 DQ C4  >D7
[6] HQ H6 D9 DQ C4  >HQ
[7] CT H6 D9 DQ C4 
テイク得点 :   0
[0] C8 SK C5 S2 DJ  >C8
[1] C2 SK C5 S2 DJ  >C2
[2] SQ SK C5 S2 DJ  >SQ
[3] S8 SK C5 S2 DJ  >S8
[4] D2 SK C5 S2 DJ  >D2
[5] C7 SK C5 S2 DJ  >C7
[6] D6 SK C5 S2 DJ  >D6
[7] SJ SK C5 S2 DJ 
テイク得点 :   1
トライ得点 : 4204171
[0] SQ D4 DJ HT HJ 
テイク得点 :   1
[0] C2 D6 H8 S4 SJ 
テイク得点 :   0
[0] D7 C9 H3 CK HQ  >D7
[1] S8 C9 H3 CK HQ  >S8
[2] SK C9 H3 CK HQ  >SK
[3] S5 C9 H3 CK HQ  >S5
[4] H1 C9 H3 CK HQ  >H1
[5] S9 C9 H3 CK HQ  >S9
[6] C8 C9 H3 CK HQ  >C8
[7] D2 C9 H3 CK HQ 
テイク得点 :   0
[0] C7 DQ S2 CJ S6  >C7
[1] C5 DQ S2 CJ S6  >C5
[2] C1 DQ S2 CJ S6  >C1
[3] H6 DQ S2 CJ S6  >H6
[4] ST DQ S2 CJ S6  >ST
[5] C3 DQ S2 CJ S6  >C3
[6] C4 DQ S2 CJ S6  >C4
[7] S7 DQ S2 CJ S6 
テイク得点 :   0
[0] H7 DK HK C6 D5  >H7
[1] CQ DK HK C6 D5  >CQ
[2] DT DK HK C6 D5  >DT
[3] H9 DK HK C6 D5  >H9
[4] D9 DK HK C6 D5  >D9
[5] CT DK HK C6 D5  >CT
[6] D8 DK HK C6 D5  >D8
[7] D3 DK HK C6 D5 
テイク得点 :   1
トライ得点 : 4204171
[0] DQ H4 S7 C8 ST 
テイク得点 :   0
[0] C4 S3 D4 C5 HQ 
テイク得点 :   1
[0] D8 S6 DJ H2 DT  >D8
[1] CK S6 DJ H2 DT  >CK
[2] S8 S6 DJ H2 DT  >S8
[3] C2 S6 DJ H2 DT  >C2
[4] SQ S6 DJ H2 DT  >SQ
[5] D1 S6 DJ H2 DT  >D1
[6] H3 S6 DJ H2 DT  >H3
[7] DK S6 DJ H2 DT 
テイク得点 :   0
[0] H9 S9 H5 H1 D3  >H9
[1] SK S9 H5 H1 D3  >SK
[2] H6 S9 H5 H1 D3  >H6
[3] HJ S9 H5 H1 D3  >HJ
[4] CT S9 H5 H1 D3  >CT
[5] S1 S9 H5 H1 D3  >S1
[6] HK S9 H5 H1 D3  >HK
[7] S2 S9 H5 H1 D3 
テイク得点 :   0
[0] S4 H8 C3 D7 D9  >S4
[1] D6 H8 C3 D7 D9  >D6
[2] CQ H8 C3 D7 D9  >CQ
[3] D5 H8 C3 D7 D9  >D5
[4] C1 H8 C3 D7 D9  >C1
[5] S5 H8 C3 D7 D9  >S5
[6] CJ H8 C3 D7 D9  >CJ
[7] SJ H8 C3 D7 D9 
テイク得点 :   0
トライ得点 : 4204171
[0] H3 H5 C9 D7 C1 
テイク得点 :   0
[0] SQ S6 S1 HQ D2 
テイク得点 :   1
[0] H8 ST CK C3 C2  >H8
[1] D8 ST CK C3 C2  >D8
[2] DK ST CK C3 C2  >DK
[3] H2 ST CK C3 C2  >H2
[4] HT ST CK C3 C2  >HT
[5] D4 ST CK C3 C2  >D4
[6] D1 ST CK C3 C2  >D1
[7] H4 ST CK C3 C2 
テイク得点 :   0
[0] HK C6 C4 D6 H6 
テイク得点 :   8
[0] CJ DQ C7 S8 DJ  >CJ
[1] D5 DQ C7 S8 DJ  >D5
[2] S2 DQ C7 S8 DJ  >S2
[3] DT DQ C7 S8 DJ  >DT
[4] CT DQ C7 S8 DJ  >CT
[5] CQ DQ C7 S8 DJ  >CQ
[6] S3 DQ C7 S8 DJ  >S3
[7] HJ DQ C7 S8 DJ 
テイク得点 :   1
トライ得点 : 4204171
[0] S1 DQ S6 D1 D3 
テイク得点 :   1
[0] S8 H3 SQ SJ C1 
テイク得点 :   0
[0] CJ D9 D6 C3 H5  >CJ
[1] SK D9 D6 C3 H5  >SK
[2] C8 D9 D6 C3 H5  >C8
[3] C2 D9 D6 C3 H5  >C2
[4] H2 D9 D6 C3 H5  >H2
[5] H1 D9 D6 C3 H5  >H1
[6] D4 D9 D6 C3 H5  >D4
[7] D7 D9 D6 C3 H5 
テイク得点 :   0
[0] DK H9 C6 S2 HJ  >DK
[1] H7 H9 C6 S2 HJ  >H7
[2] S7 H9 C6 S2 HJ  >S7
[3] C9 H9 C6 S2 HJ  >C9
[4] ST H9 C6 S2 HJ  >ST
[5] S3 H9 C6 S2 HJ  >S3
[6] D8 H9 C6 S2 HJ  >D8
[7] H8 H9 C6 S2 HJ 
テイク得点 :   0
[0] DT S9 D5 H4 CT  >DT
[1] C5 S9 D5 H4 CT  >C5
[2] CQ S9 D5 H4 CT  >CQ
[3] DJ S9 D5 H4 CT  >DJ
[4] S5 S9 D5 H4 CT  >S5
[5] S4 S9 D5 H4 CT  >S4
[6] C7 S9 D5 H4 CT  >C7
[7] HT S9 D5 H4 CT 
テイク得点 :   1
トライ得点 : 4204171
[0] S5 S9 DK C1 S4 
テイク得点 :   0
[0] D7 H8 C9 H3 DT 
テイク得点 :   0
[0] S1 S8 D5 D6 C5  >S1
[1] D1 S8 D5 D6 C5  >D1
[2] D2 S8 D5 D6 C5  >D2
[3] CT S8 D5 D6 C5  >CT
[4] D9 S8 D5 D6 C5  >D9
[5] H5 S8 D5 D6 C5 
テイク得点 :   8
[0] C7 H4 H7 D4 HQ  >C7
[1] C6 H4 H7 D4 HQ  >C6
[2] S7 H4 H7 D4 HQ  >S7
[3] HT H4 H7 D4 HQ  >HT
[4] H2 H4 H7 D4 HQ  >H2
[5] S6 H4 H7 D4 HQ  >S6
[6] C2 H4 H7 D4 HQ  >C2
[7] S2 H4 H7 D4 HQ 
テイク得点 :   1
[0] D8 HJ SJ CK H9  >D8
[1] D3 HJ SJ CK H9  >D3
[2] H6 HJ SJ CK H9  >H6
[3] H1 HJ SJ CK H9  >H1
[4] C8 HJ SJ CK H9  >C8
[5] S3 HJ SJ CK H9  >S3
[6] ST HJ SJ CK H9  >ST
[7] C3 HJ SJ CK H9 
テイク得点 :   1
トライ得点 : 4204171
[0] CJ H9 C6 S7 SJ 
テイク得点 :   1
[0] C2 S9 H7 S4 DT 
テイク得点 :   0
[0] DK C8 D1 CK HJ  >DK
[1] D8 C8 D1 CK HJ  >D8
[2] HQ C8 D1 CK HJ  >HQ
[3] C9 C8 D1 CK HJ  >C9
[4] S3 C8 D1 CK HJ  >S3
[5] S2 C8 D1 CK HJ  >S2
[6] H4 C8 D1 CK HJ  >H4
[7] C7 C8 D1 CK HJ 
テイク得点 :   0
[0] C1 D3 D5 C5 S1  >C1
[1] HT D3 D5 C5 S1  >HT
[2] C3 D3 D5 C5 S1  >C3
[3] SK D3 D5 C5 S1  >SK
[4] H1 D3 D5 C5 S1  >H1
[5] C4 D3 D5 C5 S1  >C4
[6] DQ D3 D5 C5 S1  >DQ
[7] D6 D3 D5 C5 S1 
テイク得点 :   1
[0] D4 H5 D7 H6 CQ  >D4
[1] D2 H5 D7 H6 CQ  >D2
[2] H8 H5 D7 H6 CQ  >H8
[3] DJ H5 D7 H6 CQ  >DJ
[4] H2 H5 D7 H6 CQ  >H2
[5] ST H5 D7 H6 CQ  >ST
[6] SQ H5 D7 H6 CQ  >SQ
[7] S6 H5 D7 H6 CQ 
テイク得点 :   1
トライ得点 : 4204171
[0] D5 S6 CT H6 S8 
テイク得点 :   1
[0] DK C8 D2 HK C5 
テイク得点 :   1
[0] HJ H1 C6 H5 C7  >HJ
[1] S9 H1 C6 H5 C7  >S9
[2] CJ H1 C6 H5 C7  >CJ
[3] S1 H1 C6 H5 C7  >S1
[4] D1 H1 C6 H5 C7  >D1
[5] C4 H1 C6 H5 C7  >C4
[6] C3 H1 C6 H5 C7  >C3
[7] D4 H1 C6 H5 C7 
テイク得点 :   0
[0] HQ C2 S7 SK D8  >HQ
[1] ST C2 S7 SK D8  >ST
[2] H4 C2 S7 SK D8  >H4
[3] H8 C2 S7 SK D8  >H8
[4] DQ C2 S7 SK D8  >DQ
[5] HT C2 S7 SK D8  >HT
[6] H9 C2 S7 SK D8  >H9
[7] D7 C2 S7 SK D8 
テイク得点 :   1
[0] S4 SJ DJ S2 SQ  >S4
[1] C1 SJ DJ S2 SQ  >C1
[2] C9 SJ DJ S2 SQ  >C9
[3] DT SJ DJ S2 SQ  >DT
[4] D6 SJ DJ S2 SQ  >D6
[5] D3 SJ DJ S2 SQ  >D3
[6] H2 SJ DJ S2 SQ  >H2
[7] H3 SJ DJ S2 SQ 
テイク得点 :   1
トライ得点 : 4204171
[0] HQ C7 C2 CQ H6 
テイク得点 :   1
[0] S4 H5 D1 D9 DK 
テイク得点 :   0
[0] S9 DQ ST HT C1  >S9
[1] H9 DQ ST HT C1  >H9
[2] CK DQ ST HT C1  >CK
[3] S5 DQ ST HT C1  >S5
[4] D4 DQ ST HT C1  >D4
[5] CT DQ ST HT C1 
テイク得点 :   8
[0] C4 SQ D8 D2 S7  >C4
[1] D5 SQ D8 D2 S7  >D5
[2] C5 SQ D8 D2 S7  >C5
[3] D3 SQ D8 D2 S7  >D3
[4] D6 SQ D8 D2 S7  >D6
[5] SJ SQ D8 D2 S7  >SJ
[6] S1 SQ D8 D2 S7  >S1
[7] DJ SQ D8 D2 S7 
テイク得点 :   0
[0] SK C8 H2 HK C6  >SK
[1] S6 C8 H2 HK C6  >S6
[2] S3 C8 H2 HK C6  >S3
[3] S2 C8 H2 HK C6  >S2
[4] H7 C8 H2 HK C6  >H7
[5] D7 C8 H2 HK C6  >D7
[6] H4 C8 H2 HK C6  >H4
[7] C3 C8 H2 HK C6 
テイク得点 :   0
トライ得点 : 4204171
[0] H8 S4 C2 SJ D3 
テイク得点 :   0
[0] H7 S5 DK D4 H2 
テイク得点 :   0
[0] C5 S9 C8 S1 D8  >C5
[1] D6 S9 C8 S1 D8  >D6
[2] HT S9 C8 S1 D8  >HT
[3] H5 S9 C8 S1 D8  >H5
[4] HQ S9 C8 S1 D8  >HQ
[5] C1 S9 C8 S1 D8  >C1
[6] H9 S9 C8 S1 D8  >H9
[7] H3 S9 C8 S1 D8 
テイク得点 :   1
[0] C9 C3 S7 CT CK  >C9
[1] CJ C3 S7 CT CK  >CJ
[2] SQ C3 S7 CT CK  >SQ
[3] D1 C3 S7 CT CK  >D1
[4] S6 C3 S7 CT CK  >S6
[5] H4 C3 S7 CT CK  >H4
[6] D9 C3 S7 CT CK  >D9
[7] HJ C3 S7 CT CK 
テイク得点 :   0
[0] D7 DJ CQ S8 C4  >D7
[1] D2 DJ CQ S8 C4  >D2
[2] SK DJ CQ S8 C4  >SK
[3] DT DJ CQ S8 C4  >DT
[4] S3 DJ CQ S8 C4  >S3
[5] ST DJ CQ S8 C4  >ST
[6] DQ DJ CQ S8 C4  >DQ
[7] H6 DJ CQ S8 C4 
テイク得点 :   0
トライ得点 : 4204171
[0] D6 C5 D7 S9 D9 
テイク得点 :   1
[0] H3 DK SJ H5 HT 
テイク得点 :   0
[0] DT D8 SQ C2 D3  >DT
[1] S5 D8 SQ C2 D3  >S5
[2] H1 D8 SQ C2 D3  >H1
[3] D4 D8 SQ C2 D3  >D4
[4] C8 D8 SQ C2 D3  >C8
[5] DJ D8 SQ C2 D3  >DJ
[6] H2 D8 SQ C2 D3  >H2
[7] CQ D8 SQ C2 D3 
テイク得点 :   1
[0] DQ CK S7 HK H4  >DQ
[1] D5 CK S7 HK H4  >D5
[2] S8 CK S7 HK H4  >S8
[3] HQ CK S7 HK H4  >HQ
[4] C4 CK S7 HK H4  >C4
[5] D1 CK S7 HK H4  >D1
[6] H9 CK S7 HK H4  >H9
[7] H8 CK S7 HK H4 
テイク得点 :   1
[0] C3 C1 H6 SK S2  >C3
[1] C6 C1 H6 SK S2  >C6
[2] S4 C1 H6 SK S2  >S4
[3] D2 C1 H6 SK S2  >D2
[4] S3 C1 H6 SK S2  >S3
[5] C9 C1 H6 SK S2  >C9
[6] H7 C1 H6 SK S2  >H7
[7] CT C1 H6 SK S2 
テイク得点 :   0
トライ得点 : 4204171
[0] S4 HQ DJ H9 SQ 
テイク得点 :   1
[0] C9 H6 D8 H8 S5 
テイク得点 :   1
[0] D9 C7 C5 C3 S8  >D9
[1] C2 C7 C5 C3 S8  >C2
[2] CT C7 C5 C3 S8  >CT
[3] H1 C7 C5 C3 S8  >H1
[4] D3 C7 C5 C3 S8  >D3
[5] ST C7 C5 C3 S8  >ST
[6] C6 C7 C5 C3 S8  >C6
[7] C8 C7 C5 C3 S8 
テイク得点 :   1
[0] D1 H7 D4 S1 D2  >D1
[1] S6 H7 D4 S1 D2  >S6
[2] D7 H7 D4 S1 D2  >D7
[3] H5 H7 D4 S1 D2  >H5
[4] H4 H7 D4 S1 D2  >H4
[5] H3 H7 D4 S1 D2  >H3
[6] C4 H7 D4 S1 D2  >C4
[7] CQ H7 D4 S1 D2 
テイク得点 :   0
[0] HJ S9 D6 SJ DQ  >HJ
[1] CK S9 D6 SJ DQ  >CK
[2] CJ S9 D6 SJ DQ  >CJ
[3] S7 S9 D6 SJ DQ  >S7
[4] HK S9 D6 SJ DQ  >HK
[5] S2 S9 D6 SJ DQ  >S2
[6] DK S9 D6 SJ DQ  >DK
[7] D5 S9 D6 SJ DQ 
テイク得点 :   0
トライ得点 : 4204171
[0] S7 C6 HK C7 C1 
テイク得点 :   1
[0] H3 D6 S8 D1 CJ 
テイク得点 :   0
[0] S6 D5 CT D9 SK  >S6
[1] HQ D5 CT D9 SK  >HQ
[2] C8 D5 CT D9 SK  >C8
[3] DQ D5 CT D9 SK  >DQ
[4] SJ D5 CT D9 SK  >SJ
[5] C4 D5 CT D9 SK  >C4
[6] D2 D5 CT D9 SK  >D2
[7] H5 D5 CT D9 SK 
テイク得点 :   1
[0] S2 H4 S1 S9 H1  >S2
[1] HJ H4 S1 S9 H1  >HJ
[2] S3 H4 S1 S9 H1  >S3
[3] H9 H4 S1 S9 H1  >H9
[4] H8 H4 S1 S9 H1  >H8
[5] S5 H4 S1 S9 H1  >S5
[6] DJ H4 S1 S9 H1  >DJ
[7] C9 H4 S1 S9 H1 
テイク得点 :   2
[0] ST S4 D4 SQ CQ  >ST
[1] DK S4 D4 SQ CQ  >DK
[2] D3 S4 D4 SQ CQ  >D3
[3] HT S4 D4 SQ CQ  >HT
[4] CK S4 D4 SQ CQ  >CK
[5] H7 S4 D4 SQ CQ  >H7
[6] C5 S4 D4 SQ CQ  >C5
[7] D7 S4 D4 SQ CQ 
テイク得点 :   2
トライ得点 : 4204171
[0] SJ D4 C8 C4 D3 
テイク得点 :   1
[0] CQ C3 H7 S3 H8 
テイク得点 :   1
[0] D5 HJ S4 DT ST  >D5
[1] H1 HJ S4 DT ST  >H1
[2] D2 HJ S4 DT ST  >D2
[3] SK HJ S4 DT ST  >SK
[4] HT HJ S4 DT ST 
テイク得点 :   8
[0] H6 DQ D9 CK DJ  >H6
[1] C2 DQ D9 CK DJ  >C2
[2] S1 DQ D9 CK DJ  >S1
[3] HQ DQ D9 CK DJ  >HQ
[4] H3 DQ D9 CK DJ  >H3
[5] H4 DQ D9 CK DJ  >H4
[6] S9 DQ D9 CK DJ  >S9
[7] C1 DQ D9 CK DJ 
テイク得点 :   0
[0] H2 D8 C5 S5 C9  >H2
[1] C7 D8 C5 S5 C9  >C7
[2] S2 D8 C5 S5 C9  >S2
[3] H5 D8 C5 S5 C9 
テイク得点 :   8
トライ得点 : 4204171
[0] S2 H5 D2 S4 C8 
テイク得点 :   1
[0] D5 S8 S1 HQ D7 
テイク得点 :   0
[0] S5 C9 CK HT D1  >S5
[1] S9 C9 CK HT D1  >S9
[2] S3 C9 CK HT D1  >S3
[3] DQ C9 CK HT D1  >DQ
[4] C3 C9 CK HT D1  >C3
[5] H3 C9 CK HT D1  >H3
[6] C7 C9 CK HT D1  >C7
[7] H4 C9 CK HT D1 
テイク得点 :   0
[0] C5 C6 D9 H7 CT  >C5
[1] SK C6 D9 H7 CT  >SK
[2] HK C6 D9 H7 CT  >HK
[3] D4 C6 D9 H7 CT  >D4
[4] S7 C6 D9 H7 CT  >S7
[5] H2 C6 D9 H7 CT  >H2
[6] D3 C6 D9 H7 CT  >D3
[7] S6 C6 D9 H7 CT 
テイク得点 :   1
[0] D6 DJ H9 CQ CJ  >D6
[1] H1 DJ H9 CQ CJ  >H1
[2] DK DJ H9 CQ CJ  >DK
[3] DT DJ H9 CQ CJ  >DT
[4] HJ DJ H9 CQ CJ 
テイク得点 :   8
トライ得点 : 4204171
[0] C8 SJ CQ DK C4 
テイク得点 :   0
[0] D7 HQ H2 D5 DQ 
テイク得点 :   1
[0] C3 S4 C1 HK D2  >C3
[1] S9 S4 C1 HK D2  >S9
[2] CJ S4 C1 HK D2  >CJ
[3] D4 S4 C1 HK D2  >D4
[4] C2 S4 C1 HK D2  >C2
[5] D8 S4 C1 HK D2  >D8
[6] H7 S4 C1 HK D2  >H7
[7] H1 S4 C1 HK D2 
テイク得点 :   1
[0] D1 H5 H6 C6 CT  >D1
[1] S8 H5 H6 C6 CT  >S8
[2] HT H5 H6 C6 CT  >HT
[3] HJ H5 H6 C6 CT  >HJ
[4] S3 H5 H6 C6 CT  >S3
[5] SQ H5 H6 C6 CT  >SQ
[6] S5 H5 H6 C6 CT  >S5
[7] H4 H5 H6 C6 CT 
テイク得点 :   1
[0] H3 S1 S7 D6 DT  >H3
[1] CK S1 S7 D6 DT  >CK
[2] C9 S1 S7 D6 DT  >C9
[3] DJ S1 S7 D6 DT  >DJ
[4] C5 S1 S7 D6 DT  >C5
[5] H8 S1 S7 D6 DT  >H8
[6] S6 S1 S7 D6 DT  >S6
[7] ST S1 S7 D6 DT 
テイク得点 :   1
トライ得点 : 4204171
[0] H2 D4 DQ C5 D7 
テイク得点 :   0
[0] H7 S9 S8 D6 ST 
テイク得点 :  32
[0] H1 C9 C8 S5 DK  >H1
[1] H8 C9 C8 S5 DK  >H8
[2] H4 C9 C8 S5 DK  >H4
[3] DT C9 C8 S5 DK  >DT
[4] S6 C9 C8 S5 DK  >S6
[5] D1 C9 C8 S5 DK  >D1
[6] S7 C9 C8 S5 DK  >S7
[7] C1 C9 C8 S5 DK 
テイク得点 :   0
[0] C3 S4 H3 CJ D9  >C3
[1] CQ S4 H3 CJ D9  >CQ
[2] SQ S4 H3 CJ D9  >SQ
[3] DJ S4 H3 CJ D9  >DJ
[4] C7 S4 H3 CJ D9  >C7
[5] HT S4 H3 CJ D9  >HT
[6] H6 S4 H3 CJ D9  >H6
[7] S1 S4 H3 CJ D9 
テイク得点 :   0
[0] H5 HJ D5 HQ CK  >H5
[1] S3 HJ D5 HQ CK  >S3
[2] C2 HJ D5 HQ CK  >C2
[3] S2 HJ D5 HQ CK  >S2
[4] D2 HJ D5 HQ CK  >D2
[5] D8 HJ D5 HQ CK  >D8
[6] H9 HJ D5 HQ CK  >H9
[7] SK HJ D5 HQ CK 
テイク得点 :   1
トライ得点 : 4204171
[0] CQ HQ ST DQ C1 
テイク得点 :   8
[0] H6 H2 S5 D2 C7 
テイク得点 :   1
[0] H8 D4 CK D7 HJ  >H8
[1] C2 D4 CK D7 HJ  >C2
[2] S4 D4 CK D7 HJ  >S4
[3] H9 D4 CK D7 HJ  >H9
[4] DT D4 CK D7 HJ  >DT
[5] D3 D4 CK D7 HJ  >D3
[6] S8 D4 CK D7 HJ  >S8
[7] DK D4 CK D7 HJ 
テイク得点 :   1
[0] D1 C3 HT DJ D8  >D1
[1] C9 C3 HT DJ D8  >C9
[2] SQ C3 HT DJ D8  >SQ
[3] S1 C3 HT DJ D8  >S1
[4] C6 C3 HT DJ D8  >C6
[5] D9 C3 HT DJ D8  >D9
[6] C8 C3 HT DJ D8  >C8
[7] C4 C3 HT DJ D8 
テイク得点 :   0
[0] C5 CT SK S9 S3  >C5
[1] S2 CT SK S9 S3  >S2
[2] H4 CT SK S9 S3  >H4
[3] H3 CT SK S9 S3  >H3
[4] D5 CT SK S9 S3  >D5
[5] S7 CT SK S9 S3  >S7
[6] H1 CT SK S9 S3  >H1
[7] H5 CT SK S9 S3 
テイク得点 :   0
トライ得点 : 4204171
[0] HJ CJ S1 DQ C2 
テイク得点 :   1
[0] H8 DJ S2 D2 CT 
テイク得点 :   1
[0] D5 H2 H7 DT C7  >D5
[1] H5 H2 H7 DT C7  >H5
[2] D7 H2 H7 DT C7 
テイク得点 :   8
[0] H3 C6 D6 SK DK  >H3
[1] CK C6 D6 SK DK 
テイク得点 :  16
[0] C4 C8 C1 S5 H4  >C4
[1] SQ C8 C1 S5 H4  >SQ
[2] CQ C8 C1 S5 H4  >CQ
[3] D3 C8 C1 S5 H4  >D3
[4] D1 C8 C1 S5 H4  >D1
[5] HK C8 C1 S5 H4  >HK
[6] ST C8 C1 S5 H4  >ST
[7] H1 C8 C1 S5 H4 
テイク得点 :   1
トライ得点 : 4204171
[0] CJ C4 C7 S6 D6 
テイク得点 :   1
[0] HT D2 CT ST DT 
テイク得点 :  64
[0] S1 H3 H1 D7 S2  >S1
[1] DK H3 H1 D7 S2  >DK
[2] DJ H3 H1 D7 S2  >DJ
[3] C1 H3 H1 D7 S2  >C1
[4] HJ H3 H1 D7 S2  >HJ
[5] CK H3 H1 D7 S2  >CK
[6] D9 H3 H1 D7 S2  >D9
[7] S5 H3 H1 D7 S2 
テイク得点 :   0
[0] H6 CQ SQ C2 HQ 
テイク得点 :   8
[0] D8 DQ S9 H7 H8  >D8
[1] HK DQ S9 H7 H8  >HK
[2] C6 DQ S9 H7 H8  >C6
[3] C8 DQ S9 H7 H8  >C8
[4] D4 DQ S9 H7 H8  >D4
[5] C3 DQ S9 H7 H8  >C3
[6] C9 DQ S9 H7 H8  >C9
[7] S7 DQ S9 H7 H8 
テイク得点 :   1
トライ得点 : 4204171
[0] H1 HK SK S8 S4 
テイク得点 :   1
[0] CQ C9 DQ H5 S7 
テイク得点 :   1
[0] H2 HQ SJ DK S3  >H2
[1] H9 HQ SJ DK S3  >H9
[2] C7 HQ SJ DK S3  >C7
[3] H4 HQ SJ DK S3  >H4
[4] D6 HQ SJ DK S3  >D6
[5] H7 HQ SJ DK S3  >H7
[6] SQ HQ SJ DK S3  >SQ
[7] D5 HQ SJ DK S3 
テイク得点 :   0
[0] CJ D7 C3 HJ D9  >CJ
[1] S1 D7 C3 HJ D9  >S1
[2] C8 D7 C3 HJ D9  >C8
[3] S6 D7 C3 HJ D9  >S6
[4] D1 D7 C3 HJ D9  >D1
[5] S9 D7 C3 HJ D9  >S9
[6] DT D7 C3 HJ D9  >DT
[7] S5 D7 C3 HJ D9 
テイク得点 :   0
[0] ST H8 HT H3 D8  >ST
[1] CT H8 HT H3 D8  >CT
[2] DJ H8 HT H3 D8  >DJ
[3] D4 H8 HT H3 D8  >D4
[4] D2 H8 HT H3 D8  >D2
[5] D3 H8 HT H3 D8  >D3
[6] C4 H8 HT H3 D8  >C4
[7] H6 H8 HT H3 D8 
テイク得点 :   1
トライ得点 : 4204171
[0] HJ D5 H7 CK D8 
テイク得点 :   0
[0] S7 SJ D7 S5 H4 
テイク得点 :   1
[0] CT C6 C3 H1 C7  >CT
[1] SK C6 C3 H1 C7  >SK
[2] D1 C6 C3 H1 C7  >D1
[3] H8 C6 C3 H1 C7  >H8
[4] HT C6 C3 H1 C7  >HT
[5] S2 C6 C3 H1 C7  >S2
[6] HQ C6 C3 H1 C7  >HQ
[7] S9 C6 C3 H1 C7 
テイク得点 :   0
[0] CJ DQ S8 H9 C5  >CJ
[1] D6 DQ S8 H9 C5  >D6
[2] DK DQ S8 H9 C5  >DK
[3] D9 DQ S8 H9 C5  >D9
[4] D4 DQ S8 H9 C5  >D4
[5] DT DQ S8 H9 C5  >DT
[6] S3 DQ S8 H9 C5  >S3
[7] H3 DQ S8 H9 C5 
テイク得点 :   0
[0] S1 D3 H2 S6 H5  >S1
[1] C9 D3 H2 S6 H5  >C9
[2] C8 D3 H2 S6 H5  >C8
[3] S4 D3 H2 S6 H5 
テイク得点 :  32
トライ得点 : 4204171
[0] HJ S2 C3 HQ SJ 
テイク得点 :   1
[0] CK C2 H2 H8 D4 
テイク得点 :   1
[0] HK DT C1 H3 H4  >HK
[1] ST DT C1 H3 H4  >ST
[2] DQ DT C1 H3 H4  >DQ
[3] DJ DT C1 H3 H4  >DJ
[4] D3 DT C1 H3 H4  >D3
[5] H9 DT C1 H3 H4  >H9
[6] D8 DT C1 H3 H4  >D8
[7] C9 DT C1 H3 H4 
テイク得点 :   0
[0] D6 D1 C7 S7 DK  >D6
[1] CJ D1 C7 S7 DK  >CJ
[2] S5 D1 C7 S7 DK  >S5
[3] H7 D1 C7 S7 DK 
テイク得点 :   8
[0] D7 H5 S4 CT D2  >D7
[1] H6 H5 S4 CT D2  >H6
[2] S8 H5 S4 CT D2  >S8
[3] H1 H5 S4 CT D2  >H1
[4] D9 H5 S4 CT D2  >D9
[5] SK H5 S4 CT D2  >SK
[6] S3 H5 S4 CT D2  >S3
[7] HT H5 S4 CT D2 
テイク得点 :   1
トライ得点 : 4204171
[0] D3 CQ H8 H6 D6 
テイク得点 :   1
[0] CT C7 D7 DQ D8 
テイク得点 :   1
[0] C8 CK DK S9 S2  >C8
[1] S4 CK DK S9 S2  >S4
[2] H7 CK DK S9 S2  >H7
[3] H5 CK DK S9 S2  >H5
[4] HT CK DK S9 S2  >HT
[5] CJ CK DK S9 S2  >CJ
[6] C2 CK DK S9 S2  >C2
[7] HQ CK DK S9 S2 
テイク得点 :   1
[0] S3 D4 S5 H4 C4 
テイク得点 :   8
[0] DJ DT S7 C5 SJ  >DJ
[1] D5 DT S7 C5 SJ  >D5
[2] C6 DT S7 C5 SJ  >C6
[3] D2 DT S7 C5 SJ  >D2
[4] H1 DT S7 C5 SJ  >H1
[5] HK DT S7 C5 SJ  >HK
[6] D9 DT S7 C5 SJ  >D9
[7] ST DT S7 C5 SJ 
テイク得点 :   1
トライ得点 : 4204171
[0] D6 C6 S5 CQ H1 
テイク得点 :   1
[0] ST C9 HQ DQ D7 
テイク得点 :   1
[0] S1 S3 HT SQ D8  >S1
[1] D2 S3 HT SQ D8  >D2
[2] H6 S3 HT SQ D8  >H6
[3] D9 S3 HT SQ D8  >D9
[4] H7 S3 HT SQ D8  >H7
[5] D4 S3 HT SQ D8  >D4
[6] C5 S3 HT SQ D8  >C5
[7] S7 S3 HT SQ D8 
テイク得点 :   0
[0] DJ SJ DK S6 CT  >DJ
[1] H2 SJ DK S6 CT  >H2
[2] DT SJ DK S6 CT  >DT
[3] C3 SJ DK S6 CT  >C3
[4] HK SJ DK S6 CT  >HK
[5] HJ SJ DK S6 CT  >HJ
[6] C1 SJ DK S6 CT  >C1
[7] C7 SJ DK S6 CT 
テイク得点 :   0
[0] D5 H9 D3 H3 S4  >D5
[1] SK H9 D3 H3 S4  >SK
[2] S9 H9 D3 H3 S4  >S9
[3] CJ H9 D3 H3 S4  >CJ
[4] D1 H9 D3 H3 S4  >D1
[5] S8 H9 D3 H3 S4  >S8
[6] H4 H9 D3 H3 S4  >H4
[7] CK H9 D3 H3 S4 
テイク得点 :   1
トライ得点 : 4204171
[0] SK C7 S1 H1 DK 
テイク得点 :   2
[0] HQ C6 ST H2 H6 
テイク得点 :   1
[0] D2 CJ H7 D5 H5  >D2
[1] C1 CJ H7 D5 H5  >C1
[2] S5 CJ H7 D5 H5 
テイク得点 :   8
[0] HT CK C4 S9 S4  >HT
[1] H3 CK C4 S9 S4  >H3
[2] D4 CK C4 S9 S4 
テイク得点 :   8
[0] S3 H4 D1 S2 S8  >S3
[1] D9 H4 D1 S2 S8  >D9
[2] CQ H4 D1 S2 S8  >CQ
[3] C2 H4 D1 S2 S8  >C2
[4] S6 H4 D1 S2 S8  >S6
[5] D3 H4 D1 S2 S8  >D3
[6] C8 H4 D1 S2 S8  >C8
[7] HK H4 D1 S2 S8 
テイク得点 :   0
トライ得点 : 4204171
[0] S8 D1 H3 SK C1 
テイク得点 :   1
[0] DJ S1 H1 C8 D9 
テイク得点 :   1
[0] H8 S6 C9 DT H4  >H8
[1] D3 S6 C9 DT H4  >D3
[2] DK S6 C9 DT H4  >DK
[3] S5 S6 C9 DT H4  >S5
[4] C6 S6 C9 DT H4  >C6
[5] S3 S6 C9 DT H4  >S3
[6] CT S6 C9 DT H4  >CT
[7] H7 S6 C9 DT H4 
テイク得点 :   0
[0] DQ CQ HJ SJ ST  >DQ
[1] HQ CQ HJ SJ ST  >HQ
[2] C2 CQ HJ SJ ST  >C2
[3] D6 CQ HJ SJ ST  >D6
[4] HT CQ HJ SJ ST  >HT
[5] D2 CQ HJ SJ ST  >D2
[6] C7 CQ HJ SJ ST  >C7
[7] S4 CQ HJ SJ ST 
テイク得点 :   1
[0] D8 S2 H6 S7 C3  >D8
[1] H9 S2 H6 S7 C3  >H9
[2] D5 S2 H6 S7 C3  >D5
[3] SQ S2 H6 S7 C3  >SQ
[4] C4 S2 H6 S7 C3  >C4
[5] C5 S2 H6 S7 C3  >C5
[6] HK S2 H6 S7 C3  >HK
[7] S9 S2 H6 S7 C3 
テイク得点 :   0
トライ得点 : 4204171
[0] C2 C9 H6 C8 SK 
テイク得点 :   0
[0] D7 DJ H1 H2 S1 
テイク得点 :   1
[0] CJ D8 S3 HK D4  >CJ
[1] C6 D8 S3 HK D4  >C6
[2] H7 D8 S3 HK D4  >H7
[3] H8 D8 S3 HK D4  >H8
[4] HT D8 S3 HK D4  >HT
[5] H3 D8 S3 HK D4  >H3
[6] D2 D8 S3 HK D4  >D2
[7] C7 D8 S3 HK D4 
テイク得点 :   0
[0] C1 SJ CK S7 D6  >C1
[1] HJ SJ CK S7 D6  >HJ
[2] S5 SJ CK S7 D6  >S5
[3] S2 SJ CK S7 D6  >S2
[4] CT SJ CK S7 D6  >CT
[5] D3 SJ CK S7 D6  >D3
[6] D5 SJ CK S7 D6  >D5
[7] C3 SJ CK S7 D6 
テイク得点 :   0
[0] SQ ST DT S9 C4  >SQ
[1] H5 ST DT S9 C4  >H5
[2] D1 ST DT S9 C4  >D1
[3] HQ ST DT S9 C4  >HQ
[4] CQ ST DT S9 C4  >CQ
[5] DQ ST DT S9 C4  >DQ
[6] C5 ST DT S9 C4  >C5
[7] DK ST DT S9 C4 
テイク得点 :   1
トライ得点 : 4204171
[0] DT D4 C6 S8 C3 
テイク得点 :   0
[0] S2 SJ H5 H8 C9 
テイク得点 :   0
[0] H9 D8 SK CK H7  >H9
[1] D9 D8 SK CK H7  >D9
[2] H3 D8 SK CK H7  >H3
[3] DJ D8 SK CK H7  >DJ
[4] CJ D8 SK CK H7  >CJ
[5] C7 D8 SK CK H7  >C7
[6] HQ D8 SK CK H7  >HQ
[7] C1 D8 SK CK H7 
テイク得点 :   1
[0] C5 H1 D2 S4 H6  >C5
[1] ST H1 D2 S4 H6  >ST
[2] DQ H1 D2 S4 H6  >DQ
[3] HK H1 D2 S4 H6  >HK
[4] SQ H1 D2 S4 H6  >SQ
[5] C8 H1 D2 S4 H6  >C8
[6] S6 H1 D2 S4 H6  >S6
[7] S1 H1 D2 S4 H6 
テイク得点 :   1
[0] S7 S9 S5 H2 HJ  >S7
[1] D5 S9 S5 H2 HJ  >D5
[2] D1 S9 S5 H2 HJ  >D1
[3] CT S9 S5 H2 HJ  >CT
[4] DK S9 S5 H2 HJ  >DK
[5] C2 S9 S5 H2 HJ  >C2
[6] H4 S9 S5 H2 HJ  >H4
[7] CQ S9 S5 H2 HJ 
テイク得点 :   0
トライ得点 : 4204171
[0] DJ HT D2 H3 S8 
テイク得点 :   0
[0] DT D1 S1 C1 D3 
テイク得点 :   8
[0] S2 H2 CQ C7 S6  >S2
[1] D8 H2 CQ C7 S6  >D8
[2] C2 H2 CQ C7 S6  >C2
[3] ST H2 CQ C7 S6  >ST
[4] DQ H2 CQ C7 S6  >DQ
[5] SJ H2 CQ C7 S6  >SJ
[6] H4 H2 CQ C7 S6  >H4
[7] D9 H2 CQ C7 S6 
テイク得点 :   0
[0] C4 H6 H8 C6 S7  >C4
[1] C5 H6 H8 C6 S7  >C5
[2] H5 H6 H8 C6 S7  >H5
[3] CJ H6 H8 C6 S7  >CJ
[4] C9 H6 H8 C6 S7  >C9
[5] D4 H6 H8 C6 S7  >D4
[6] SQ H6 H8 C6 S7  >SQ
[7] D7 H6 H8 C6 S7 
テイク得点 :   2
[0] S3 S5 S4 D6 SK  >S3
[1] CT S5 S4 D6 SK  >CT
[2] C3 S5 S4 D6 SK  >C3
[3] C8 S5 S4 D6 SK  >C8
[4] HQ S5 S4 D6 SK  >HQ
[5] DK S5 S4 D6 SK  >DK
[6] CK S5 S4 D6 SK  >CK
[7] HJ S5 S4 D6 SK 
テイク得点 :   0
トライ得点 : 4204171
[0] H7 DJ C7 HQ C1 
テイク得点 :   1
[0] S4 S6 SQ D4 CJ 
テイク得点 :   1
[0] S1 H6 C9 CQ H3  >S1
[1] D6 H6 C9 CQ H3  >D6
[2] S2 H6 C9 CQ H3  >S2
[3] H4 H6 C9 CQ H3  >H4
[4] D3 H6 C9 CQ H3  >D3
[5] HJ H6 C9 CQ H3  >HJ
[6] C6 H6 C9 CQ H3  >C6
[7] D2 H6 C9 CQ H3 
テイク得点 :   0
[0] D7 DQ H8 S8 C8 
テイク得点 :   8
[0] C3 D1 C5 D5 S7  >C3
[1] D9 D1 C5 D5 S7  >D9
[2] C4 D1 C5 D5 S7  >C4
[3] DT D1 C5 D5 S7  >DT
[4] H9 D1 C5 D5 S7  >H9
[5] S5 D1 C5 D5 S7 
テイク得点 :   8
トライ得点 : 4204171
[0] S1 DQ S9 D2 S5 
テイク得点 :   0
[0] C1 H3 D8 H9 C5 
テイク得点 :   0
[0] CK DT D5 D7 ST  >CK
[1] S6 DT D5 D7 ST  >S6
[2] H4 DT D5 D7 ST  >H4
[3] CJ DT D5 D7 ST  >CJ
[4] S8 DT D5 D7 ST  >S8
[5] D9 DT D5 D7 ST  >D9
[6] H5 DT D5 D7 ST  >H5
[7] D3 DT D5 D7 ST 
テイク得点 :   1
[0] C9 C6 C3 S3 H1  >C9
[1] S7 C6 C3 S3 H1  >S7
[2] CQ C6 C3 S3 H1  >CQ
[3] HT C6 C3 S3 H1  >HT
[4] D1 C6 C3 S3 H1  >D1
[5] DJ C6 C3 S3 H1  >DJ
[6] C2 C6 C3 S3 H1  >C2
[7] SJ C6 C3 S3 H1 
テイク得点 :   1
[0] D4 S4 HK DK H7  >D4
[1] C4 S4 HK DK H7  >C4
[2] H6 S4 HK DK H7  >H6
[3] HJ S4 HK DK H7  >HJ
[4] H8 S4 HK DK H7  >H8
[5] SQ S4 HK DK H7  >SQ
[6] D6 S4 HK DK H7  >D6
[7] HQ S4 HK DK H7 
テイク得点 :   1
トライ得点 : 4204171
[0] C2 D6 D5 D7 H1 
テイク得点 :   0
[0] D9 C9 C7 SK HJ 
テイク得点 :   1
[0] D4 H9 S4 S7 D2  >D4
[1] H3 H9 S4 S7 D2  >H3
[2] S5 H9 S4 S7 D2  >S5
[3] DK H9 S4 S7 D2  >DK
[4] S2 H9 S4 S7 D2  >S2
[5] S1 H9 S4 S7 D2  >S1
[6] H4 H9 S4 S7 D2  >H4
[7] S6 H9 S4 S7 D2 
テイク得点 :   0
[0] H2 HK CQ DT HQ  >H2
[1] CT HK CQ DT HQ  >CT
[2] DQ HK CQ DT HQ 
テイク得点 :   8
[0] S3 CJ C8 H8 C4  >S3
[1] HT CJ C8 H8 C4  >HT
[2] SQ CJ C8 H8 C4  >SQ
[3] SJ CJ C8 H8 C4  >SJ
[4] S9 CJ C8 H8 C4  >S9
[5] C1 CJ C8 H8 C4  >C1
[6] CK CJ C8 H8 C4  >CK
[7] D1 CJ C8 H8 C4 
テイク得点 :   1
トライ得点 : 4204171
[0] HK H7 CJ H1 S9 
テイク得点 :   0
[0] H3 C3 HQ H9 C2 
テイク得点 :   1
[0] C4 C8 D2 S6 DK  >C4
[1] H6 C8 D2 S6 DK  >H6
[2] S3 C8 D2 S6 DK  >S3
[3] CT C8 D2 S6 DK  >CT
[4] C6 C8 D2 S6 DK  >C6
[5] S7 C8 D2 S6 DK  >S7
[6] HT C8 D2 S6 DK  >HT
[7] D1 C8 D2 S6 DK 
テイク得点 :   0
[0] D8 H4 H5 DQ C9  >D8
[1] SJ H4 H5 DQ C9  >SJ
[2] D5 H4 H5 DQ C9  >D5
[3] C1 H4 H5 DQ C9  >C1
[4] S2 H4 H5 DQ C9  >S2
[5] D4 H4 H5 DQ C9  >D4
[6] D3 H4 H5 DQ C9  >D3
[7] CQ H4 H5 DQ C9 
テイク得点 :   1
[0] D7 S5 H2 DT C5  >D7
[1] S1 S5 H2 DT C5  >S1
[2] CK S5 H2 DT C5  >CK
[3] SQ S5 H2 DT C5  >SQ
[4] C7 S5 H2 DT C5  >C7
[5] S4 S5 H2 DT C5  >S4
[6] ST S5 H2 DT C5  >ST
[7] DJ S5 H2 DT C5 
テイク得点 :   1
トライ得点 : 4204171
[0] CT D1 D6 S6 CQ 
テイク得点 :   1
[0] H3 HQ S3 D3 DT 
テイク得点 :   8
[0] H1 C4 H5 C7 D5  >H1
[1] C9 C4 H5 C7 D5  >C9
[2] DK C4 H5 C7 D5  >DK
[3] C5 C4 H5 C7 D5 
テイク得点 :   8
[0] H9 HJ CJ DJ C3 
テイク得点 :   8
[0] D2 HK SQ DQ H8  >D2
[1] SK HK SQ DQ H8  >SK
[2] C1 HK SQ DQ H8  >C1
[3] ST HK SQ DQ H8  >ST
[4] D4 HK SQ DQ H8  >D4
[5] C2 HK SQ DQ H8  >C2
[6] C8 HK SQ DQ H8  >C8
[7] D9 HK SQ DQ H8 
テイク得点 :   1
トライ得点 : 4204171
[0] D1 H6 C2 S9 C8 
テイク得点 :   0
[0] SK C6 HJ CJ C4 
テイク得点 :   1
[0] H3 H1 D4 C3 S3 
テイク得点 :   8
[0] ST DJ HK H8 C5  >ST
[1] DK DJ HK H8 C5  >DK
[2] S7 DJ HK H8 C5  >S7
[3] D7 DJ HK H8 C5  >D7
[4] S5 DJ HK H8 C5  >S5
[5] S2 DJ HK H8 C5  >S2
[6] C9 DJ HK H8 C5  >C9
[7] S6 DJ HK H8 C5 
テイク得点 :   0
[0] H4 C7 SQ HT C1  >H4
[1] CK C7 SQ HT C1  >CK
[2] H9 C7 SQ HT C1  >H9
[3] CQ C7 SQ HT C1  >CQ
[4] D2 C7 SQ HT C1  >D2
[5] CT C7 SQ HT C1  >CT
[6] DT C7 SQ HT C1  >DT
[7] D6 C7 SQ HT C1 
テイク得点 :   0
トライ得点 : 4204171
[0] D9 H9 D6 C3 S9 
テイク得点 :   8
[0] HQ D7 S8 S6 DJ 
テイク得点 :   0
[0] S1 C7 D4 C2 H8  >S1
[1] ST C7 D4 C2 H8  >ST
[2] C5 C7 D4 C2 H8  >C5
[3] D8 C7 D4 C2 H8  >D8
[4] CJ C7 D4 C2 H8  >CJ
[5] S3 C7 D4 C2 H8  >S3
[6] H6 C7 D4 C2 H8  >H6
[7] D2 C7 D4 C2 H8 
テイク得点 :   1
[0] SJ H3 S4 S7 H2  >SJ
[1] H4 H3 S4 S7 H2  >H4
[2] C8 H3 S4 S7 H2  >C8
[3] CK H3 S4 S7 H2  >CK
[4] D3 H3 S4 S7 H2  >D3
[5] HT H3 S4 S7 H2  >HT
[6] DT H3 S4 S7 H2  >DT
[7] C6 H3 S4 S7 H2 
テイク得点 :   0
[0] SK D1 DQ CQ H7  >SK
[1] S5 D1 DQ CQ H7  >S5
[2] C9 D1 DQ CQ H7  >C9
[3] HJ D1 DQ CQ H7  >HJ
[4] CT D1 DQ CQ H7  >CT
[5] S2 D1 DQ CQ H7  >S2
[6] C4 D1 DQ CQ H7  >C4
[7] H5 D1 DQ CQ H7 
テイク得点 :   1
トライ得点 : 4204171
