[0] C6 D3 CJ DT HT  >C6
[1] CQ D3 CJ DT HT  >CQ
[2] DK D3 CJ DT HT  >CJ
[3] DK D3 C5 DT HT  >C5
[4] DK D3 CK DT HT  >D3
[5] DK H2 CK DT HT  >H2
[6] DK H3 CK DT HT  >H3
[7] DK D9 CK DT HT 
テイク素点 :    2
テイク得点 :    2
[0] H6 C4 HQ S3 C2  >HQ
[1] H6 C4 S6 S3 C2  >S6
[2] H6 C4 SQ S3 C2  >SQ
[3] H6 C4 S9 S3 C2  >S9
[4] H6 C4 C1 S3 C2  >H6
[5] ST C4 C1 S3 C2  >ST
[6] C3 C4 C1 S3 C2  >C3
[7] H9 C4 C1 S3 C2 
テイク素点 :    0
テイク得点 :    0
[0] C8 C9 DJ D4 D1  >C8
[1] D6 C9 DJ D4 D1  >C9
[2] D6 H4 DJ D4 D1  >H4
[3] D6 S1 DJ D4 D1  >S1
[4] D6 S5 DJ D4 D1  >S5
[5] D6 S4 DJ D4 D1  >S4
[6] D6 H7 DJ D4 D1  >H7
[7] D6 H1 DJ D4 D1 
テイク素点 :    1
テイク得点 :    1
[0] D2 S7 DQ S2 D5  >S7
[1] D2 H8 DQ S2 D5  >H8
[2] D2 S8 DQ S2 D5  >S8
[3] D2 CT DQ S2 D5  >CT
[4] D2 HJ DQ S2 D5  >HJ
[5] D2 D8 DQ S2 D5  >S2
[6] D2 D8 DQ D7 D5 
テイク素点 :   24
テイク得点 :   36
トライ得点 :   39
